#
# There is insufficient memory for the Java Runtime Environment to continue.
# Native memory allocation (malloc) failed to allocate 1048576 bytes. Error detail: AllocateHeap
# Possible reasons:
#   The system is out of physical RAM or swap space
#   This process is running with CompressedOops enabled, and the Java Heap may be blocking the growth of the native heap
# Possible solutions:
#   Reduce memory load on the system
#   Increase physical memory or swap space
#   Check if swap backing store is full
#   Decrease Java heap size (-Xmx/-Xms)
#   Decrease number of Java threads
#   Decrease Java thread stack sizes (-Xss)
#   Set larger code cache with -XX:ReservedCodeCacheSize=
#   JVM is running with Unscaled Compressed Oops mode in which the Java heap is
#     placed in the first 4GB address space. The Java Heap base address is the
#     maximum limit for the native heap growth. Please use -XX:HeapBaseMinAddress
#     to set the Java Heap base and to place the Java Heap above 4GB virtual address.
# This output file may be truncated or incomplete.
#
#  Out of Memory Error (allocation.cpp:44), pid=25028, tid=19768
#
# JRE version:  (21.0.3+9) (build )
# Java VM: OpenJDK 64-Bit Server VM (21.0.3+9-LTS, mixed mode, sharing, tiered, compressed oops, compressed class ptrs, parallel gc, windows-amd64)
# No core dump will be written. Minidumps are not enabled by default on client versions of Windows
#

---------------  S U M M A R Y ------------

Command Line: --add-modules=ALL-SYSTEM --add-opens=java.base/java.util=ALL-UNNAMED --add-opens=java.base/java.lang=ALL-UNNAMED --add-opens=java.base/sun.nio.fs=ALL-UNNAMED -Declipse.application=org.eclipse.jdt.ls.core.id1 -Dosgi.bundles.defaultStartLevel=4 -Declipse.product=org.eclipse.jdt.ls.core.product -Djava.import.generatesMetadataFilesAtProjectRoot=false -DDetectVMInstallationsJob.disabled=true -Dfile.encoding=utf8 -XX:+UseParallelGC -XX:GCTimeRatio=4 -XX:AdaptiveSizePolicyWeight=90 -Dsun.zip.disableMemoryMapping=true -Xmx1G -Xms100m -Xlog:disable -javaagent:c:\Users\laura\.vscode\extensions\redhat.java-1.30.0-win32-x64\lombok\lombok-1.18.32.jar c:\Users\laura\.vscode\extensions\redhat.java-1.30.0-win32-x64\server\plugins\org.eclipse.equinox.launcher_1.6.800.v20240330-1250.jar -configuration c:\Users\laura\AppData\Roaming\Code\User\globalStorage\redhat.java\1.30.0\config_ss_win -data c:\Users\laura\AppData\Roaming\Code\User\workspaceStorage\9bcddfa4390842ee8a615019ffbbb697\redhat.java\ss_ws --pipe=\\.\pipe\lsp-c2548b9b8d2256aff3f14872735cd9fe-sock

Host: Intel(R) Core(TM) i7-10510U CPU @ 1.80GHz, 8 cores, 15G,  Windows 11 , 64 bit Build 22621 (10.0.22621.3374)
Time: Tue May  7 18:40:04 2024 Hora oficial do Brasil elapsed time: 0.059693 seconds (0d 0h 0m 0s)

---------------  T H R E A D  ---------------

Current thread (0x00000189da4cdc50):  JavaThread "Unknown thread" [_thread_in_vm, id=19768, stack(0x00000038ef100000,0x00000038ef200000) (1024K)]

Stack: [0x00000038ef100000,0x00000038ef200000]
Native frames: (J=compiled Java code, j=interpreted, Vv=VM code, C=native code)
V  [jvm.dll+0x6c8699]
V  [jvm.dll+0x8a2061]
V  [jvm.dll+0x8a458e]
V  [jvm.dll+0x8a4c63]
V  [jvm.dll+0x27e476]
V  [jvm.dll+0xbf557]
V  [jvm.dll+0x705d8d]
V  [jvm.dll+0x70644c]
V  [jvm.dll+0x6d72d8]
V  [jvm.dll+0x86b75c]
V  [jvm.dll+0x3b813c]
V  [jvm.dll+0x854418]
V  [jvm.dll+0x44c55e]
V  [jvm.dll+0x44e081]
C  [jli.dll+0x5278]
C  [ucrtbase.dll+0x29333]
C  [KERNEL32.DLL+0x1257d]
C  [ntdll.dll+0x5aa48]


---------------  P R O C E S S  ---------------

Threads class SMR info:
_java_thread_list=0x00000189da5365b0, length=1, elements={
0x00000189da4cdc50
}

Java Threads: ( => current thread )
=>0x00000189da4cdc50 JavaThread "Unknown thread"             [_thread_in_vm, id=19768, stack(0x00000038ef100000,0x00000038ef200000) (1024K)]
Total: 1

Other Threads:
  0x00000189da537090 WatcherThread "VM Periodic Task Thread"        [id=8860, stack(0x00000038ef300000,0x00000038ef400000) (1024K)]
  0x00000189da4eb290 WorkerThread "GC Thread#0"                     [id=11240, stack(0x00000038ef200000,0x00000038ef300000) (1024K)]
Total: 2

Threads with active compile tasks:
Total: 0

VM state: not at safepoint (normal execution)

VM Mutex/Monitor currently owned by a thread: None

Heap address: 0x00000000c0000000, size: 1024 MB, Compressed Oops mode: 32-bit

CDS archive(s) mapped at: [0x0000018980000000-0x0000018980c90000-0x0000018980c90000), size 13172736, SharedBaseAddress: 0x0000018980000000, ArchiveRelocationMode: 1.
Compressed class space mapped at: 0x0000018981000000-0x00000189c1000000, reserved size: 1073741824
Narrow klass base: 0x0000018980000000, Narrow klass shift: 0, Narrow klass range: 0x100000000

GC Precious Log:
 CardTable entry size: 512
 CPUs: 8 total, 8 available
 Memory: 16168M
 Large Page Support: Disabled
 NUMA Support: Disabled
 Compressed Oops: Enabled (32-bit)
 Alignments: Space 512K, Generation 512K, Heap 2M
 Heap Min Capacity: 100M
 Heap Initial Capacity: 100M
 Heap Max Capacity: 1G
 Pre-touch: Disabled
 Parallel Workers: 8

Heap:
 PSYoungGen      total 29696K, used 512K [0x00000000eab00000, 0x00000000ecc00000, 0x0000000100000000)
  eden space 25600K, 2% used [0x00000000eab00000,0x00000000eab80020,0x00000000ec400000)
  from space 4096K, 0% used [0x00000000ec800000,0x00000000ec800000,0x00000000ecc00000)
  to   space 4096K, 0% used [0x00000000ec400000,0x00000000ec400000,0x00000000ec800000)
 ParOldGen       total 68608K, used 0K [0x00000000c0000000, 0x00000000c4300000, 0x00000000eab00000)
  object space 68608K, 0% used [0x00000000c0000000,0x00000000c0000000,0x00000000c4300000)
 Metaspace       used 0K, committed 0K, reserved 1048576K
  class space    used 0K, committed 0K, reserved 1048576K

Card table byte_map: [0x00000189d9e70000,0x00000189da080000] _byte_map_base: 0x00000189d9870000

Marking Bits: (ParMarkBitMap*) 0x00007ffab3427080
 Begin Bits: [0x00000189f1ba0000, 0x00000189f2ba0000)
 End Bits:   [0x00000189f2ba0000, 0x00000189f3ba0000)

Polling page: 0x00000189d8450000

Metaspace:

Usage:
  Non-class:      0 bytes used.
      Class:      0 bytes used.
       Both:      0 bytes used.

Virtual space:
  Non-class space:        0 bytes reserved,       0 bytes (  ?%) committed,  0 nodes.
      Class space:        1.00 GB reserved,       0 bytes (  0%) committed,  1 nodes.
             Both:        1.00 GB reserved,       0 bytes (  0%) committed. 

Chunk freelists:
   Non-Class:  0 bytes
       Class:  16.00 MB
        Both:  16.00 MB

MaxMetaspaceSize: unlimited
CompressedClassSpaceSize: 1.00 GB
Initial GC threshold: 21.00 MB
Current GC threshold: 17179869184.00 GB
CDS: on
 - commit_granule_bytes: 65536.
 - commit_granule_words: 8192.
 - virtual_space_node_default_size: 8388608.
 - enlarge_chunks_in_place: 1.
 - use_allocation_guard: 0.


Internal statistics:

num_allocs_failed_limit: 0.
num_arena_births: 0.
num_arena_deaths: 0.
num_vsnodes_births: 1.
num_vsnodes_deaths: 0.
num_space_committed: 0.
num_space_uncommitted: 0.
num_chunks_returned_to_freelist: 0.
num_chunks_taken_from_freelist: 1.
num_chunk_merges: 0.
num_chunk_splits: 1.
num_chunks_enlarged: 0.
num_inconsistent_stats: 0.

CodeHeap 'non-profiled nmethods': size=120000Kb used=0Kb max_used=0Kb free=120000Kb
 bounds [0x00000189ea670000, 0x00000189ea8e0000, 0x00000189f1ba0000]
CodeHeap 'profiled nmethods': size=120000Kb used=0Kb max_used=0Kb free=120000Kb
 bounds [0x00000189e2ba0000, 0x00000189e2e10000, 0x00000189ea0d0000]
CodeHeap 'non-nmethods': size=5760Kb used=194Kb max_used=342Kb free=5565Kb
 bounds [0x00000189ea0d0000, 0x00000189ea340000, 0x00000189ea670000]
 total_blobs=70 nmethods=0 adapters=48
 compilation: enabled
              stopped_count=0, restarted_count=0
 full_count=0

Compilation events (0 events):
No events

GC Heap History (0 events):
No events

Dll operation events (1 events):
Event: 0.034 Loaded shared library c:\Program Files\Eclipse Adoptium\jdk-21.0.3.9-hotspot\bin\java.dll

Deoptimization events (0 events):
No events

Classes loaded (0 events):
No events

Classes unloaded (0 events):
No events

Classes redefined (0 events):
No events

Internal exceptions (0 events):
No events

ZGC Phase Switch (0 events):
No events

VM Operations (0 events):
No events

Events (1 events):
Event: 0.052 Thread 0x00000189da4cdc50 Thread added: 0x00000189da4cdc50


Dynamic libraries:
0x00007ff731710000 - 0x00007ff73171e000 	c:\Program Files\Eclipse Adoptium\jdk-21.0.3.9-hotspot\bin\java.exe
0x00007ffb16dd0000 - 0x00007ffb16fe6000 	C:\WINDOWS\SYSTEM32\ntdll.dll
0x00007ffb15d40000 - 0x00007ffb15e04000 	C:\WINDOWS\System32\KERNEL32.DLL
0x00007ffb14460000 - 0x00007ffb14807000 	C:\WINDOWS\System32\KERNELBASE.dll
0x00007ffb142c0000 - 0x00007ffb143d1000 	C:\WINDOWS\System32\ucrtbase.dll
0x00007ffaf3200000 - 0x00007ffaf321b000 	c:\Program Files\Eclipse Adoptium\jdk-21.0.3.9-hotspot\bin\VCRUNTIME140.dll
0x00007ffaf2be0000 - 0x00007ffaf2bf8000 	c:\Program Files\Eclipse Adoptium\jdk-21.0.3.9-hotspot\bin\jli.dll
0x00007ffb16bc0000 - 0x00007ffb16d6e000 	C:\WINDOWS\System32\USER32.dll
0x00007ffb14260000 - 0x00007ffb14286000 	C:\WINDOWS\System32\win32u.dll
0x00007ffaf44f0000 - 0x00007ffaf4783000 	C:\WINDOWS\WinSxS\amd64_microsoft.windows.common-controls_6595b64144ccf1df_6.0.22621.3235_none_270f74e173860f98\COMCTL32.dll
0x00007ffb15f10000 - 0x00007ffb15f39000 	C:\WINDOWS\System32\GDI32.dll
0x00007ffb15190000 - 0x00007ffb15237000 	C:\WINDOWS\System32\msvcrt.dll
0x00007ffb148b0000 - 0x00007ffb149c9000 	C:\WINDOWS\System32\gdi32full.dll
0x00007ffb14810000 - 0x00007ffb148aa000 	C:\WINDOWS\System32\msvcp_win.dll
0x00007ffb15790000 - 0x00007ffb157c1000 	C:\WINDOWS\System32\IMM32.DLL
0x00007ffb0cc40000 - 0x00007ffb0cc4c000 	c:\Program Files\Eclipse Adoptium\jdk-21.0.3.9-hotspot\bin\vcruntime140_1.dll
0x00007ffad6950000 - 0x00007ffad69de000 	c:\Program Files\Eclipse Adoptium\jdk-21.0.3.9-hotspot\bin\msvcp140.dll
0x00007ffab2780000 - 0x00007ffab3502000 	c:\Program Files\Eclipse Adoptium\jdk-21.0.3.9-hotspot\bin\server\jvm.dll
0x00007ffb162a0000 - 0x00007ffb16352000 	C:\WINDOWS\System32\ADVAPI32.dll
0x00007ffb15ad0000 - 0x00007ffb15b78000 	C:\WINDOWS\System32\sechost.dll
0x00007ffb14290000 - 0x00007ffb142b8000 	C:\WINDOWS\System32\bcrypt.dll
0x00007ffb159b0000 - 0x00007ffb15ac5000 	C:\WINDOWS\System32\RPCRT4.dll
0x00007ffb16170000 - 0x00007ffb161e1000 	C:\WINDOWS\System32\WS2_32.dll
0x00007ffb12f50000 - 0x00007ffb12f9d000 	C:\WINDOWS\SYSTEM32\POWRPROF.dll
0x00007ffb0df60000 - 0x00007ffb0df94000 	C:\WINDOWS\SYSTEM32\WINMM.dll
0x00007ffb0aeb0000 - 0x00007ffb0aeba000 	C:\WINDOWS\SYSTEM32\VERSION.dll
0x00007ffb12f30000 - 0x00007ffb12f43000 	C:\WINDOWS\SYSTEM32\UMPDC.dll
0x00007ffb13140000 - 0x00007ffb13158000 	C:\WINDOWS\SYSTEM32\kernel.appcore.dll
0x00007ffaf7e50000 - 0x00007ffaf7e5a000 	c:\Program Files\Eclipse Adoptium\jdk-21.0.3.9-hotspot\bin\jimage.dll
0x00007ffb0f590000 - 0x00007ffb0f7c3000 	C:\WINDOWS\SYSTEM32\DBGHELP.DLL
0x00007ffb14b70000 - 0x00007ffb14ef8000 	C:\WINDOWS\System32\combase.dll
0x00007ffb14f20000 - 0x00007ffb14ff7000 	C:\WINDOWS\System32\OLEAUT32.dll
0x00007ffb0df20000 - 0x00007ffb0df52000 	C:\WINDOWS\SYSTEM32\dbgcore.DLL
0x00007ffb143e0000 - 0x00007ffb14459000 	C:\WINDOWS\System32\bcryptPrimitives.dll
0x00007ffaf7310000 - 0x00007ffaf731f000 	c:\Program Files\Eclipse Adoptium\jdk-21.0.3.9-hotspot\bin\instrument.dll
0x00007ffaf2a70000 - 0x00007ffaf2a8f000 	c:\Program Files\Eclipse Adoptium\jdk-21.0.3.9-hotspot\bin\java.dll

dbghelp: loaded successfully - version: 4.0.5 - missing functions: none
symbol engine: initialized successfully - sym options: 0x614 - pdb path: .;c:\Program Files\Eclipse Adoptium\jdk-21.0.3.9-hotspot\bin;C:\WINDOWS\SYSTEM32;C:\WINDOWS\WinSxS\amd64_microsoft.windows.common-controls_6595b64144ccf1df_6.0.22621.3235_none_270f74e173860f98;c:\Program Files\Eclipse Adoptium\jdk-21.0.3.9-hotspot\bin\server

VM Arguments:
jvm_args: --add-modules=ALL-SYSTEM --add-opens=java.base/java.util=ALL-UNNAMED --add-opens=java.base/java.lang=ALL-UNNAMED --add-opens=java.base/sun.nio.fs=ALL-UNNAMED -Declipse.application=org.eclipse.jdt.ls.core.id1 -Dosgi.bundles.defaultStartLevel=4 -Declipse.product=org.eclipse.jdt.ls.core.product -Djava.import.generatesMetadataFilesAtProjectRoot=false -DDetectVMInstallationsJob.disabled=true -Dfile.encoding=utf8 -XX:+UseParallelGC -XX:GCTimeRatio=4 -XX:AdaptiveSizePolicyWeight=90 -Dsun.zip.disableMemoryMapping=true -Xmx1G -Xms100m -Xlog:disable -javaagent:c:\Users\laura\.vscode\extensions\redhat.java-1.30.0-win32-x64\lombok\lombok-1.18.32.jar 
java_command: c:\Users\laura\.vscode\extensions\redhat.java-1.30.0-win32-x64\server\plugins\org.eclipse.equinox.launcher_1.6.800.v20240330-1250.jar -configuration c:\Users\laura\AppData\Roaming\Code\User\globalStorage\redhat.java\1.30.0\config_ss_win -data c:\Users\laura\AppData\Roaming\Code\User\workspaceStorage\9bcddfa4390842ee8a615019ffbbb697\redhat.java\ss_ws --pipe=\\.\pipe\lsp-c2548b9b8d2256aff3f14872735cd9fe-sock
java_class_path (initial): c:\Users\laura\.vscode\extensions\redhat.java-1.30.0-win32-x64\server\plugins\org.eclipse.equinox.launcher_1.6.800.v20240330-1250.jar
Launcher Type: SUN_STANDARD

[Global flags]
    uintx AdaptiveSizePolicyWeight                 = 90                                        {product} {command line}
     intx CICompilerCount                          = 4                                         {product} {ergonomic}
    uintx GCTimeRatio                              = 4                                         {product} {command line}
   size_t InitialHeapSize                          = 104857600                                 {product} {command line}
   size_t MaxHeapSize                              = 1073741824                                {product} {command line}
   size_t MaxNewSize                               = 357564416                                 {product} {ergonomic}
   size_t MinHeapDeltaBytes                        = 524288                                    {product} {ergonomic}
   size_t MinHeapSize                              = 104857600                                 {product} {command line}
   size_t NewSize                                  = 34603008                                  {product} {ergonomic}
    uintx NonNMethodCodeHeapSize                   = 5839372                                {pd product} {ergonomic}
    uintx NonProfiledCodeHeapSize                  = 122909434                              {pd product} {ergonomic}
   size_t OldSize                                  = 70254592                                  {product} {ergonomic}
    uintx ProfiledCodeHeapSize                     = 122909434                              {pd product} {ergonomic}
    uintx ReservedCodeCacheSize                    = 251658240                              {pd product} {ergonomic}
     bool SegmentedCodeCache                       = true                                      {product} {ergonomic}
   size_t SoftMaxHeapSize                          = 1073741824                             {manageable} {ergonomic}
     bool UseCompressedOops                        = true                           {product lp64_product} {ergonomic}
     bool UseLargePagesIndividualAllocation        = false                                  {pd product} {ergonomic}
     bool UseParallelGC                            = true                                      {product} {command line}

Logging:
Log output configuration:
 #0: stdout all=off uptime,level,tags foldmultilines=false
 #1: stderr all=off uptime,level,tags foldmultilines=false

Environment Variables:
JAVA_HOME=C:\Program Files (x86)\Java\jre1.8.0_301
PATH=C:\Program Files\Eclipse Adoptium\jdk-21.0.3.9-hotspot\bin;C:\Program Files\Common Files\Oracle\Java\javapath;C:\Users\laura\AppData\Local\Programs\Python\Python310\Scripts\;C:\Users\laura\AppData\Local\Programs\Python\Python310\;C:\Users\laura\Scripts\;C:\Users\laura\;C:\Python310\Scripts\;C:\Python310\;C:\SAP\ASE-16_0\jobscheduler\bin;C:\SAP\ASE-16_0\dll;C:\SAP\WLA\bin;C:\SAP\ASE-16_0\bin;C:\SAP\COCKPIT-4\bin;C:\SAP\DataAccess64\ADONET\dll;C:\SAP\DataAccess\ADONET\dll;C:\SAP\DataAccess64\ODBC\dll;C:\SAP\DataAccess\ODBC\dll;C:\SAP\OCS-16_0\lib3p64;C:\SAP\OCS-16_0\lib3p;C:\SAP\OCS-16_0\dll;C:\SAP\OCS-16_0\bin;C:\Program Files (x86)\Common Files\Oracle\Java\javapath;C:\Windows\system32;C:\Windows;C:\Windows\System32\Wbem;C:\Windows\System32\WindowsPowerShell\v1.0\;C:\Windows\System32\OpenSSH\;C:\Program Files (x86)\NVIDIA Corporation\PhysX\Common;C:\Program Files\NVIDIA Corporation\NVIDIA NvDLISR;C:\WINDOWS\system32;C:\WINDOWS;C:\WINDOWS\System32\Wbem;C:\WINDOWS\System32\WindowsPowerShell\v1.0\;C:\WINDOWS\System32\OpenSSH\;C:\Program Files\Microsoft SQL Server\Client SDK\ODBC\170\Tools\Binn\;C:\Program Files (x86)\Microsoft SQL Server\150\Tools\Binn\;C:\Program Files\Microsoft SQL Server\150\Tools\Binn\;C:\Program Files\Microsoft SQL Server\150\DTS\Binn\;C:\Program Files\dotnet\;C:\Program Files\Microsoft VS Code\bin;C:\Program Files (x86)\Java\jre1.8.0_301\bin;C:\ProgramData\chocolatey\bin;C:\site;C:\Program Files\nodejs\;C:\Program Files\Git\cmd;C:\WINDOWS\system32;C:\WINDOWS;C:\WINDOWS\System32\Wbem;C:\WINDOWS\System32\WindowsPowerShell\v1.0\;C:\WINDOWS\System32\OpenSSH\;C:\Program Files\MySQL\MySQL Shell 8.0\bin\;C:\Users\laura\AppData\Local\Microsoft\WindowsApps;C:\Users\laura\.dotnet\tools;C:\Program Files\JetBrains\PyCharm 2021.3.2\bin;;c:\site;C:\Users\laura\AppData\Roaming\npm;C:\Users\laura\Downloads\mongosh-1.10.6-win32-x64\mongosh-1.10.6-win32-x64\bin;
USERNAME=laura
OS=Windows_NT
PROCESSOR_IDENTIFIER=Intel64 Family 6 Model 142 Stepping 12, GenuineIntel
TMP=C:\Users\laura\AppData\Local\Temp
TEMP=C:\Users\laura\AppData\Local\Temp




Periodic native trim disabled

---------------  S Y S T E M  ---------------

OS:
 Windows 11 , 64 bit Build 22621 (10.0.22621.3374)
OS uptime: 0 days 7:49 hours
Hyper-V role detected

CPU: total 8 (initial active 8) (4 cores per cpu, 2 threads per core) family 6 model 142 stepping 12 microcode 0xf0, cx8, cmov, fxsr, ht, mmx, 3dnowpref, sse, sse2, sse3, ssse3, sse4.1, sse4.2, popcnt, lzcnt, tsc, tscinvbit, avx, avx2, aes, erms, clmul, bmi1, bmi2, adx, fma, vzeroupper, clflush, clflushopt, hv, rdtscp, f16c
Processor Information for all 8 processors :
  Max Mhz: 2304, Current Mhz: 1803, Mhz Limit: 1797

Memory: 4k page, system-wide physical 16168M (1266M free)
TotalPageFile size 44503M (AvailPageFile size 0M)
current process WorkingSet (physical memory assigned to process): 25M, peak: 25M
current process commit charge ("private bytes"): 180M, peak: 181M

vm_info: OpenJDK 64-Bit Server VM (21.0.3+9-LTS) for windows-amd64 JRE (21.0.3+9-LTS), built on 2024-04-16T00:00:00Z by "admin" with MS VC++ 17.7 (VS2022)

END.
