#
# There is insufficient memory for the Java Runtime Environment to continue.
# Native memory allocation (malloc) failed to allocate 62336 bytes. Error detail: Chunk::new
# Possible reasons:
#   The system is out of physical RAM or swap space
#   This process is running with CompressedOops enabled, and the Java Heap may be blocking the growth of the native heap
# Possible solutions:
#   Reduce memory load on the system
#   Increase physical memory or swap space
#   Check if swap backing store is full
#   Decrease Java heap size (-Xmx/-Xms)
#   Decrease number of Java threads
#   Decrease Java thread stack sizes (-Xss)
#   Set larger code cache with -XX:ReservedCodeCacheSize=
#   JVM is running with Unscaled Compressed Oops mode in which the Java heap is
#     placed in the first 4GB address space. The Java Heap base address is the
#     maximum limit for the native heap growth. Please use -XX:HeapBaseMinAddress
#     to set the Java Heap base and to place the Java Heap above 4GB virtual address.
# This output file may be truncated or incomplete.
#
#  Out of Memory Error (arena.cpp:168), pid=9072, tid=23996
#
# JRE version: OpenJDK Runtime Environment Temurin-21.0.3+9 (21.0.3+9) (build 21.0.3+9-LTS)
# Java VM: OpenJDK 64-Bit Server VM Temurin-21.0.3+9 (21.0.3+9-LTS, mixed mode, sharing, tiered, compressed oops, compressed class ptrs, parallel gc, windows-amd64)
# No core dump will be written. Minidumps are not enabled by default on client versions of Windows
#

---------------  S U M M A R Y ------------

Command Line: --add-modules=ALL-SYSTEM --add-opens=java.base/java.util=ALL-UNNAMED --add-opens=java.base/java.lang=ALL-UNNAMED --add-opens=java.base/sun.nio.fs=ALL-UNNAMED -Declipse.application=org.eclipse.jdt.ls.core.id1 -Dosgi.bundles.defaultStartLevel=4 -Declipse.product=org.eclipse.jdt.ls.core.product -Djava.import.generatesMetadataFilesAtProjectRoot=false -DDetectVMInstallationsJob.disabled=true -Dfile.encoding=utf8 -XX:+UseParallelGC -XX:GCTimeRatio=4 -XX:AdaptiveSizePolicyWeight=90 -Dsun.zip.disableMemoryMapping=true -Xmx1G -Xms100m -Xlog:disable -javaagent:c:\Users\laura\.vscode\extensions\redhat.java-1.30.0-win32-x64\lombok\lombok-1.18.32.jar c:\Users\laura\.vscode\extensions\redhat.java-1.30.0-win32-x64\server\plugins\org.eclipse.equinox.launcher_1.6.800.v20240330-1250.jar -configuration c:\Users\laura\AppData\Roaming\Code\User\globalStorage\redhat.java\1.30.0\config_ss_win -data c:\Users\laura\AppData\Roaming\Code\User\workspaceStorage\9bcddfa4390842ee8a615019ffbbb697\redhat.java\ss_ws --pipe=\\.\pipe\lsp-3632ebc679ae9654ec703f2870907e68-sock

Host: Intel(R) Core(TM) i7-10510U CPU @ 1.80GHz, 8 cores, 15G,  Windows 11 , 64 bit Build 22621 (10.0.22621.3374)
Time: Tue May  7 18:40:50 2024 Hora oficial do Brasil elapsed time: 4.767751 seconds (0d 0h 0m 4s)

---------------  T H R E A D  ---------------

Current thread (0x000001cc18bbaaf0):  JavaThread "C2 CompilerThread2" daemon [_thread_in_native, id=23996, stack(0x0000008159400000,0x0000008159500000) (1024K)]


Current CompileTask:
C2:   4767 2591       4       org.lombokweb.asm.MethodWriter::canCopyMethodAttributes (163 bytes)

Stack: [0x0000008159400000,0x0000008159500000]
Native frames: (J=compiled Java code, j=interpreted, Vv=VM code, C=native code)
V  [jvm.dll+0x6c8699]
V  [jvm.dll+0x8a2061]
V  [jvm.dll+0x8a458e]
V  [jvm.dll+0x8a4c63]
V  [jvm.dll+0x27e476]
V  [jvm.dll+0xc4a1d]
V  [jvm.dll+0xc4f53]
V  [jvm.dll+0x2f11cf]
V  [jvm.dll+0x5f1fca]
V  [jvm.dll+0x24fa82]
V  [jvm.dll+0x24fe3f]
V  [jvm.dll+0x248804]
V  [jvm.dll+0x245e94]
V  [jvm.dll+0x1c6f4e]
V  [jvm.dll+0x255719]
V  [jvm.dll+0x253cba]
V  [jvm.dll+0x3ec1e6]
V  [jvm.dll+0x84bf8b]
V  [jvm.dll+0x6c6dcd]
C  [ucrtbase.dll+0x29333]
C  [KERNEL32.DLL+0x1257d]
C  [ntdll.dll+0x5aa48]


---------------  P R O C E S S  ---------------

Threads class SMR info:
_java_thread_list=0x000001cc17ee0d30, length=21, elements={
0x000001cbb6d3e830, 0x000001cbd05d7f20, 0x000001cbd05d8d30, 0x000001cbd05dc600,
0x000001cbd05dd4c0, 0x000001cbd05dec20, 0x000001cbd05e1f60, 0x000001cbd05e6bf0,
0x000001cbd05e85d0, 0x000001cc171bd8a0, 0x000001cc174271d0, 0x000001cc1761ec80,
0x000001cc1780f130, 0x000001cc17b5a750, 0x000001cc179628c0, 0x000001cc1784d550,
0x000001cc17ead620, 0x000001cc18112450, 0x000001cc1816c4a0, 0x000001cc186f47c0,
0x000001cc18bbaaf0
}

Java Threads: ( => current thread )
  0x000001cbb6d3e830 JavaThread "main"                              [_thread_blocked, id=13948, stack(0x0000008157600000,0x0000008157700000) (1024K)]
  0x000001cbd05d7f20 JavaThread "Reference Handler"          daemon [_thread_blocked, id=12916, stack(0x0000008157a00000,0x0000008157b00000) (1024K)]
  0x000001cbd05d8d30 JavaThread "Finalizer"                  daemon [_thread_blocked, id=9500, stack(0x0000008157b00000,0x0000008157c00000) (1024K)]
  0x000001cbd05dc600 JavaThread "Signal Dispatcher"          daemon [_thread_blocked, id=15928, stack(0x0000008157c00000,0x0000008157d00000) (1024K)]
  0x000001cbd05dd4c0 JavaThread "Attach Listener"            daemon [_thread_blocked, id=5364, stack(0x0000008157d00000,0x0000008157e00000) (1024K)]
  0x000001cbd05dec20 JavaThread "Service Thread"             daemon [_thread_blocked, id=24032, stack(0x0000008157e00000,0x0000008157f00000) (1024K)]
  0x000001cbd05e1f60 JavaThread "Monitor Deflation Thread"   daemon [_thread_blocked, id=1696, stack(0x0000008157f00000,0x0000008158000000) (1024K)]
  0x000001cbd05e6bf0 JavaThread "C2 CompilerThread0"         daemon [_thread_in_native, id=17652, stack(0x0000008158000000,0x0000008158100000) (1024K)]
  0x000001cbd05e85d0 JavaThread "C1 CompilerThread0"         daemon [_thread_blocked, id=3220, stack(0x0000008158100000,0x0000008158200000) (1024K)]
  0x000001cc171bd8a0 JavaThread "Common-Cleaner"             daemon [_thread_blocked, id=15816, stack(0x0000008158200000,0x0000008158300000) (1024K)]
  0x000001cc174271d0 JavaThread "Notification Thread"        daemon [_thread_blocked, id=24580, stack(0x0000008158300000,0x0000008158400000) (1024K)]
  0x000001cc1761ec80 JavaThread "Active Thread: Equinox Container: a1815f6d-5fa3-4eb1-a825-568e41ce0392"        [_thread_blocked, id=22412, stack(0x0000008158a00000,0x0000008158b00000) (1024K)]
  0x000001cc1780f130 JavaThread "Framework Event Dispatcher: Equinox Container: a1815f6d-5fa3-4eb1-a825-568e41ce0392" daemon [_thread_blocked, id=13928, stack(0x0000008158b00000,0x0000008158c00000) (1024K)]
  0x000001cc17b5a750 JavaThread "Start Level: Equinox Container: a1815f6d-5fa3-4eb1-a825-568e41ce0392" daemon [_thread_blocked, id=540, stack(0x0000008158c00000,0x0000008158d00000) (1024K)]
  0x000001cc179628c0 JavaThread "<un-named>"                
[error occurred during error reporting (printing all threads), id 0xc0000005, EXCEPTION_ACCESS_VIOLATION (0xc0000005) at pc=0x00007ffab645465d]
VM state: at safepoint (normal execution)

VM Mutex/Monitor currently owned by a thread:  ([mutex/lock_event])
[0x00007ffab6d12128] Threads_lock - owner thread: 0x000001cbd05d2dc0
[0x00007ffab6d12228] Heap_lock - owner thread: 0x000001cc17b5a750

Heap address: 0x00000000c0000000, size: 1024 MB, Compressed Oops mode: 32-bit

CDS archive(s) mapped at: [0x000001cbd1000000-0x000001cbd1c90000-0x000001cbd1c90000), size 13172736, SharedBaseAddress: 0x000001cbd1000000, ArchiveRelocationMode: 1.
Compressed class space mapped at: 0x000001cbd2000000-0x000001cc12000000, reserved size: 1073741824
Narrow klass base: 0x000001cbd1000000, Narrow klass shift: 0, Narrow klass range: 0x100000000

GC Precious Log:
 CardTable entry size: 512
 CPUs: 8 total, 8 available
 Memory: 16168M
 Large Page Support: Disabled
 NUMA Support: Disabled
 Compressed Oops: Enabled (32-bit)
 Alignments: Space 512K, Generation 512K, Heap 2M
 Heap Min Capacity: 100M
 Heap Initial Capacity: 100M
 Heap Max Capacity: 1G
 Pre-touch: Disabled
 Parallel Workers: 8

Heap:
 PSYoungGen      total 29696K, used 4359K [0x00000000eab00000, 0x00000000ece00000, 0x0000000100000000)
  eden space 25088K, 0% used [0x00000000eab00000,0x00000000eab00000,0x00000000ec380000)
  from space 4608K, 94% used [0x00000000ec980000,0x00000000ecdc1c10,0x00000000ece00000)
  to   space 5120K, 0% used [0x00000000ec400000,0x00000000ec400000,0x00000000ec900000)
 ParOldGen       total 68608K, used 6298K [0x00000000c0000000, 0x00000000c4300000, 0x00000000eab00000)
  object space 68608K, 9% used [0x00000000c0000000,0x00000000c0626ad8,0x00000000c4300000)
 Metaspace       used 20945K, committed 21504K, reserved 1114112K
  class space    used 1922K, committed 2176K, reserved 1048576K

Card table byte_map: [0x000001cbb66e0000,0x000001cbb68f0000] _byte_map_base: 0x000001cbb60e0000

Marking Bits: (ParMarkBitMap*) 0x00007ffab6d17080
 Begin Bits: [0x000001cbce410000, 0x000001cbcf410000)
 End Bits:   [0x000001cbcf410000, 0x000001cbd0410000)

Polling page: 0x000001cbb4cc0000

Metaspace:

Usage:
  Non-class:     18.58 MB used.
      Class:      1.88 MB used.
       Both:     20.45 MB used.

Virtual space:
  Non-class space:       64.00 MB reserved,      18.88 MB ( 29%) committed,  1 nodes.
      Class space:        1.00 GB reserved,       2.12 MB ( <1%) committed,  1 nodes.
             Both:        1.06 GB reserved,      21.00 MB (  2%) committed. 

Chunk freelists:
   Non-Class:  12.44 MB
       Class:  13.88 MB
        Both:  26.31 MB

MaxMetaspaceSize: unlimited
CompressedClassSpaceSize: 1.00 GB
Initial GC threshold: 21.00 MB
Current GC threshold: 21.00 MB
CDS: on
 - commit_granule_bytes: 65536.
 - commit_granule_words: 8192.
 - virtual_space_node_default_size: 8388608.
 - enlarge_chunks_in_place: 1.
 - use_allocation_guard: 0.


Internal statistics:

num_allocs_failed_limit: 3.
num_arena_births: 456.
num_arena_deaths: 0.
num_vsnodes_births: 2.
num_vsnodes_deaths: 0.
num_space_committed: 336.
num_space_uncommitted: 0.
num_chunks_returned_to_freelist: 3.
num_chunks_taken_from_freelist: 1234.
num_chunk_merges: 3.
num_chunk_splits: 814.
num_chunks_enlarged: 527.
num_inconsistent_stats: 0.

CodeHeap 'non-profiled nmethods': size=120000Kb used=1015Kb max_used=1015Kb free=118984Kb
 bounds [0x000001cbc6ee0000, 0x000001cbc7150000, 0x000001cbce410000]
CodeHeap 'profiled nmethods': size=120000Kb used=5154Kb max_used=5154Kb free=114845Kb
 bounds [0x000001cbbf410000, 0x000001cbbf920000, 0x000001cbc6940000]
CodeHeap 'non-nmethods': size=5760Kb used=1299Kb max_used=1299Kb free=4460Kb
 bounds [0x000001cbc6940000, 0x000001cbc6bb0000, 0x000001cbc6ee0000]
 total_blobs=3218 nmethods=2641 adapters=483
 compilation: enabled
              stopped_count=0, restarted_count=0
 full_count=0

Compilation events (20 events):
Event: 4.728 Thread 0x000001cbd05e85d0 2623       3       java.lang.reflect.Field::checkAccess (32 bytes)
Event: 4.728 Thread 0x000001cbd05e85d0 nmethod 2623 0x000001cbbf906610 code [0x000001cbbf9067e0, 0x000001cbbf906a68]
Event: 4.728 Thread 0x000001cbd05e85d0 2624       3       java.lang.reflect.Field::getFieldAccessor (18 bytes)
Event: 4.728 Thread 0x000001cbd05e85d0 nmethod 2624 0x000001cbbf906b90 code [0x000001cbbf906d40, 0x000001cbbf906ed0]
Event: 4.735 Thread 0x000001cbd05e85d0 2625       3       java.net.URL::toString (5 bytes)
Event: 4.735 Thread 0x000001cbd05e85d0 nmethod 2625 0x000001cbbf906f90 code [0x000001cbbf907140, 0x000001cbbf907380]
Event: 4.743 Thread 0x000001cbd05e85d0 2626       3       java.io.File::isFile (34 bytes)
Event: 4.743 Thread 0x000001cbd05e85d0 nmethod 2626 0x000001cbbf907490 code [0x000001cbbf907680, 0x000001cbbf907a90]
Event: 4.744 Thread 0x000001cbd05e85d0 2627       1       org.eclipse.osgi.internal.loader.EquinoxClassLoader::getDebug (5 bytes)
Event: 4.745 Thread 0x000001cbd05e85d0 nmethod 2627 0x000001cbc6fdd610 code [0x000001cbc6fdd7a0, 0x000001cbc6fdd868]
Event: 4.753 Thread 0x000001cbd05e85d0 2631       3       jdk.internal.jimage.ImageLocation::verify (218 bytes)
Event: 4.754 Thread 0x000001cbd05e85d0 nmethod 2631 0x000001cbbf907c10 code [0x000001cbbf907ec0, 0x000001cbbf908b80]
Event: 4.754 Thread 0x000001cc186f47c0 2628       4       lombok.launch.ClassFileMetaData::decodeString (181 bytes)
Event: 4.754 Thread 0x000001cc18bbaaf0 2591       4       org.lombokweb.asm.MethodWriter::canCopyMethodAttributes (163 bytes)
Event: 4.762 Thread 0x000001cbd05e85d0 2632   !   3       java.security.AccessController::doPrivileged (22 bytes)
Event: 4.763 Thread 0x000001cbd05e85d0 nmethod 2632 0x000001cbbf909110 code [0x000001cbbf909300, 0x000001cbbf9097a8]
Event: 4.763 Thread 0x000001cbd05e85d0 2633       3       java.util.concurrent.Semaphore$NonfairSync::tryAcquireShared (6 bytes)
Event: 4.763 Thread 0x000001cbd05e85d0 nmethod 2633 0x000001cbbf909a10 code [0x000001cbbf909bc0, 0x000001cbbf909cf8]
Event: 4.763 Thread 0x000001cbd05e85d0 2634       3       java.util.concurrent.Semaphore$Sync::nonfairTryAcquireShared (27 bytes)
Event: 4.764 Thread 0x000001cbd05e85d0 nmethod 2634 0x000001cbbf909d90 code [0x000001cbbf909f40, 0x000001cbbf90a1a0]

GC Heap History (10 events):
Event: 1.125 GC heap before
{Heap before GC invocations=1 (full 0):
 PSYoungGen      total 29696K, used 25600K [0x00000000eab00000, 0x00000000ecc00000, 0x0000000100000000)
  eden space 25600K, 100% used [0x00000000eab00000,0x00000000ec400000,0x00000000ec400000)
  from space 4096K, 0% used [0x00000000ec800000,0x00000000ec800000,0x00000000ecc00000)
  to   space 4096K, 0% used [0x00000000ec400000,0x00000000ec400000,0x00000000ec800000)
 ParOldGen       total 68608K, used 0K [0x00000000c0000000, 0x00000000c4300000, 0x00000000eab00000)
  object space 68608K, 0% used [0x00000000c0000000,0x00000000c0000000,0x00000000c4300000)
 Metaspace       used 4519K, committed 4736K, reserved 1114112K
  class space    used 437K, committed 512K, reserved 1048576K
}
Event: 1.134 GC heap after
{Heap after GC invocations=1 (full 0):
 PSYoungGen      total 29696K, used 3229K [0x00000000eab00000, 0x00000000ecc00000, 0x0000000100000000)
  eden space 25600K, 0% used [0x00000000eab00000,0x00000000eab00000,0x00000000ec400000)
  from space 4096K, 78% used [0x00000000ec400000,0x00000000ec7274a0,0x00000000ec800000)
  to   space 4096K, 0% used [0x00000000ec800000,0x00000000ec800000,0x00000000ecc00000)
 ParOldGen       total 68608K, used 16K [0x00000000c0000000, 0x00000000c4300000, 0x00000000eab00000)
  object space 68608K, 0% used [0x00000000c0000000,0x00000000c0004000,0x00000000c4300000)
 Metaspace       used 4519K, committed 4736K, reserved 1114112K
  class space    used 437K, committed 512K, reserved 1048576K
}
Event: 2.864 GC heap before
{Heap before GC invocations=2 (full 0):
 PSYoungGen      total 29696K, used 28829K [0x00000000eab00000, 0x00000000ecc00000, 0x0000000100000000)
  eden space 25600K, 100% used [0x00000000eab00000,0x00000000ec400000,0x00000000ec400000)
  from space 4096K, 78% used [0x00000000ec400000,0x00000000ec7274a0,0x00000000ec800000)
  to   space 4096K, 0% used [0x00000000ec800000,0x00000000ec800000,0x00000000ecc00000)
 ParOldGen       total 68608K, used 16K [0x00000000c0000000, 0x00000000c4300000, 0x00000000eab00000)
  object space 68608K, 0% used [0x00000000c0000000,0x00000000c0004000,0x00000000c4300000)
 Metaspace       used 8425K, committed 8768K, reserved 1114112K
  class space    used 814K, committed 960K, reserved 1048576K
}
Event: 2.871 GC heap after
{Heap after GC invocations=2 (full 0):
 PSYoungGen      total 29696K, used 4067K [0x00000000eab00000, 0x00000000ecc00000, 0x0000000100000000)
  eden space 25600K, 0% used [0x00000000eab00000,0x00000000eab00000,0x00000000ec400000)
  from space 4096K, 99% used [0x00000000ec800000,0x00000000ecbf8f38,0x00000000ecc00000)
  to   space 4096K, 0% used [0x00000000ec400000,0x00000000ec400000,0x00000000ec800000)
 ParOldGen       total 68608K, used 821K [0x00000000c0000000, 0x00000000c4300000, 0x00000000eab00000)
  object space 68608K, 1% used [0x00000000c0000000,0x00000000c00cd6a8,0x00000000c4300000)
 Metaspace       used 8425K, committed 8768K, reserved 1114112K
  class space    used 814K, committed 960K, reserved 1048576K
}
Event: 3.740 GC heap before
{Heap before GC invocations=3 (full 0):
 PSYoungGen      total 29696K, used 29667K [0x00000000eab00000, 0x00000000ecc00000, 0x0000000100000000)
  eden space 25600K, 100% used [0x00000000eab00000,0x00000000ec400000,0x00000000ec400000)
  from space 4096K, 99% used [0x00000000ec800000,0x00000000ecbf8f38,0x00000000ecc00000)
  to   space 4096K, 0% used [0x00000000ec400000,0x00000000ec400000,0x00000000ec800000)
 ParOldGen       total 68608K, used 821K [0x00000000c0000000, 0x00000000c4300000, 0x00000000eab00000)
  object space 68608K, 1% used [0x00000000c0000000,0x00000000c00cd6a8,0x00000000c4300000)
 Metaspace       used 13360K, committed 13824K, reserved 1114112K
  class space    used 1320K, committed 1536K, reserved 1048576K
}
Event: 3.745 GC heap after
{Heap after GC invocations=3 (full 0):
 PSYoungGen      total 29696K, used 4089K [0x00000000eab00000, 0x00000000ecc00000, 0x0000000100000000)
  eden space 25600K, 0% used [0x00000000eab00000,0x00000000eab00000,0x00000000ec400000)
  from space 4096K, 99% used [0x00000000ec400000,0x00000000ec7fe788,0x00000000ec800000)
  to   space 4096K, 0% used [0x00000000ec800000,0x00000000ec800000,0x00000000ecc00000)
 ParOldGen       total 68608K, used 2661K [0x00000000c0000000, 0x00000000c4300000, 0x00000000eab00000)
  object space 68608K, 3% used [0x00000000c0000000,0x00000000c0299530,0x00000000c4300000)
 Metaspace       used 13360K, committed 13824K, reserved 1114112K
  class space    used 1320K, committed 1536K, reserved 1048576K
}
Event: 4.248 GC heap before
{Heap before GC invocations=4 (full 0):
 PSYoungGen      total 29696K, used 29619K [0x00000000eab00000, 0x00000000ecc00000, 0x0000000100000000)
  eden space 25600K, 99% used [0x00000000eab00000,0x00000000ec3ee680,0x00000000ec400000)
  from space 4096K, 99% used [0x00000000ec400000,0x00000000ec7fe788,0x00000000ec800000)
  to   space 4096K, 0% used [0x00000000ec800000,0x00000000ec800000,0x00000000ecc00000)
 ParOldGen       total 68608K, used 2661K [0x00000000c0000000, 0x00000000c4300000, 0x00000000eab00000)
  object space 68608K, 3% used [0x00000000c0000000,0x00000000c0299530,0x00000000c4300000)
 Metaspace       used 16202K, committed 16768K, reserved 1114112K
  class space    used 1595K, committed 1792K, reserved 1048576K
}
Event: 4.253 GC heap after
{Heap after GC invocations=4 (full 0):
 PSYoungGen      total 29696K, used 4089K [0x00000000eab00000, 0x00000000ecc00000, 0x0000000100000000)
  eden space 25600K, 0% used [0x00000000eab00000,0x00000000eab00000,0x00000000ec400000)
  from space 4096K, 99% used [0x00000000ec800000,0x00000000ecbfe6b8,0x00000000ecc00000)
  to   space 4096K, 0% used [0x00000000ec400000,0x00000000ec400000,0x00000000ec800000)
 ParOldGen       total 68608K, used 4542K [0x00000000c0000000, 0x00000000c4300000, 0x00000000eab00000)
  object space 68608K, 6% used [0x00000000c0000000,0x00000000c046f978,0x00000000c4300000)
 Metaspace       used 16202K, committed 16768K, reserved 1114112K
  class space    used 1595K, committed 1792K, reserved 1048576K
}
Event: 4.633 GC heap before
{Heap before GC invocations=5 (full 0):
 PSYoungGen      total 29696K, used 29689K [0x00000000eab00000, 0x00000000ecc00000, 0x0000000100000000)
  eden space 25600K, 100% used [0x00000000eab00000,0x00000000ec400000,0x00000000ec400000)
  from space 4096K, 99% used [0x00000000ec800000,0x00000000ecbfe6b8,0x00000000ecc00000)
  to   space 4096K, 0% used [0x00000000ec400000,0x00000000ec400000,0x00000000ec800000)
 ParOldGen       total 68608K, used 4542K [0x00000000c0000000, 0x00000000c4300000, 0x00000000eab00000)
  object space 68608K, 6% used [0x00000000c0000000,0x00000000c046f978,0x00000000c4300000)
 Metaspace       used 20342K, committed 20928K, reserved 1114112K
  class space    used 1897K, committed 2112K, reserved 1048576K
}
Event: 4.639 GC heap after
{Heap after GC invocations=5 (full 0):
 PSYoungGen      total 29184K, used 4095K [0x00000000eab00000, 0x00000000ecf80000, 0x0000000100000000)
  eden space 25088K, 0% used [0x00000000eab00000,0x00000000eab00000,0x00000000ec380000)
  from space 4096K, 99% used [0x00000000ec400000,0x00000000ec7ffc00,0x00000000ec800000)
  to   space 6144K, 0% used [0x00000000ec980000,0x00000000ec980000,0x00000000ecf80000)
 ParOldGen       total 68608K, used 6290K [0x00000000c0000000, 0x00000000c4300000, 0x00000000eab00000)
  object space 68608K, 9% used [0x00000000c0000000,0x00000000c0624ad8,0x00000000c4300000)
 Metaspace       used 20342K, committed 20928K, reserved 1114112K
  class space    used 1897K, committed 2112K, reserved 1048576K
}

Dll operation events (10 events):
Event: 0.021 Loaded shared library c:\Program Files\Eclipse Adoptium\jdk-21.0.3.9-hotspot\bin\java.dll
Event: 0.064 Loaded shared library c:\Program Files\Eclipse Adoptium\jdk-21.0.3.9-hotspot\bin\jsvml.dll
Event: 0.152 Loaded shared library c:\Program Files\Eclipse Adoptium\jdk-21.0.3.9-hotspot\bin\zip.dll
Event: 0.159 Loaded shared library C:\Program Files\Eclipse Adoptium\jdk-21.0.3.9-hotspot\bin\instrument.dll
Event: 0.165 Loaded shared library C:\Program Files\Eclipse Adoptium\jdk-21.0.3.9-hotspot\bin\net.dll
Event: 0.167 Loaded shared library C:\Program Files\Eclipse Adoptium\jdk-21.0.3.9-hotspot\bin\nio.dll
Event: 0.172 Loaded shared library C:\Program Files\Eclipse Adoptium\jdk-21.0.3.9-hotspot\bin\zip.dll
Event: 0.194 Loaded shared library C:\Program Files\Eclipse Adoptium\jdk-21.0.3.9-hotspot\bin\jimage.dll
Event: 0.292 Loaded shared library c:\Program Files\Eclipse Adoptium\jdk-21.0.3.9-hotspot\bin\verify.dll
Event: 2.767 Loaded shared library C:\Users\laura\AppData\Roaming\Code\User\globalStorage\redhat.java\1.30.0\config_ss_win\org.eclipse.equinox.launcher\org.eclipse.equinox.launcher.win32.win32.x86_64_1.2.900.v20240213-1244\eclipse_11900.dll

Deoptimization events (20 events):
Event: 4.115 Thread 0x000001cc17b5a750 Uncommon trap: trap_request=0xffffffde fr.pc=0x000001cbc6fc834c relative=0x00000000000003ec
Event: 4.115 Thread 0x000001cc17b5a750 Uncommon trap: reason=class_check action=maybe_recompile pc=0x000001cbc6fc834c method=java.util.regex.Pattern$BmpCharPropertyGreedy.match(Ljava/util/regex/Matcher;ILjava/lang/CharSequence;)Z @ 70 c2
Event: 4.115 Thread 0x000001cc17b5a750 DEOPT PACKING pc=0x000001cbc6fc834c sp=0x0000008158cf3020
Event: 4.115 Thread 0x000001cc17b5a750 DEOPT UNPACKING pc=0x000001cbc6993aa2 sp=0x0000008158cf2fc8 mode 2
Event: 4.196 Thread 0x000001cc17b5a750 Uncommon trap: trap_request=0xffffff45 fr.pc=0x000001cbc6fd2094 relative=0x0000000000000814
Event: 4.196 Thread 0x000001cc17b5a750 Uncommon trap: reason=unstable_if action=reinterpret pc=0x000001cbc6fd2094 method=org.lombokweb.asm.ClassReader.readUTF8(I[C)Ljava/lang/String; @ 11 c2
Event: 4.196 Thread 0x000001cc17b5a750 DEOPT PACKING pc=0x000001cbc6fd2094 sp=0x0000008158cef520
Event: 4.196 Thread 0x000001cc17b5a750 DEOPT UNPACKING pc=0x000001cbc6993aa2 sp=0x0000008158cef508 mode 2
Event: 4.526 Thread 0x000001cc17b5a750 Uncommon trap: trap_request=0xffffff45 fr.pc=0x000001cbc6fdb504 relative=0x0000000000000164
Event: 4.526 Thread 0x000001cc17b5a750 Uncommon trap: reason=unstable_if action=reinterpret pc=0x000001cbc6fdb504 method=org.lombokweb.asm.ByteVector.putByteArray([BII)Lorg/lombokweb/asm/ByteVector; @ 20 c2
Event: 4.526 Thread 0x000001cc17b5a750 DEOPT PACKING pc=0x000001cbc6fdb504 sp=0x0000008158ceeb60
Event: 4.527 Thread 0x000001cc17b5a750 DEOPT UNPACKING pc=0x000001cbc6993aa2 sp=0x0000008158ceeb30 mode 2
Event: 4.527 Thread 0x000001cc17b5a750 Uncommon trap: trap_request=0xffffff45 fr.pc=0x000001cbc6fdbbac relative=0x000000000000036c
Event: 4.527 Thread 0x000001cc17b5a750 Uncommon trap: reason=unstable_if action=reinterpret pc=0x000001cbc6fdbbac method=org.lombokweb.asm.Label.resolve([BLorg/lombokweb/asm/ByteVector;I)Z @ 81 c2
Event: 4.527 Thread 0x000001cc17b5a750 DEOPT PACKING pc=0x000001cbc6fdbbac sp=0x0000008158ceebf0
Event: 4.527 Thread 0x000001cc17b5a750 DEOPT UNPACKING pc=0x000001cbc6993aa2 sp=0x0000008158ceeaf8 mode 2
Event: 4.707 Thread 0x000001cc17b5a750 Uncommon trap: trap_request=0xffffffcc fr.pc=0x000001cbc6fdc4c4 relative=0x0000000000000384
Event: 4.707 Thread 0x000001cc17b5a750 Uncommon trap: reason=intrinsic_or_type_checked_inlining action=make_not_entrant pc=0x000001cbc6fdc4c4 method=java.util.Arrays.copyOf([Ljava/lang/Object;ILjava/lang/Class;)[Ljava/lang/Object; @ 35 c2
Event: 4.707 Thread 0x000001cc17b5a750 DEOPT PACKING pc=0x000001cbc6fdc4c4 sp=0x0000008158cf9390
Event: 4.707 Thread 0x000001cc17b5a750 DEOPT UNPACKING pc=0x000001cbc6993aa2 sp=0x0000008158cf9320 mode 2

Classes loaded (20 events):
Event: 4.140 Loading class java/io/StringReader
Event: 4.140 Loading class java/io/StringReader done
Event: 4.148 Loading class java/net/SocketTimeoutException
Event: 4.148 Loading class java/io/InterruptedIOException
Event: 4.148 Loading class java/io/InterruptedIOException done
Event: 4.148 Loading class java/net/SocketTimeoutException done
Event: 4.148 Loading class java/net/SocketException
Event: 4.149 Loading class java/net/SocketException done
Event: 4.149 Loading class java/net/UnknownHostException
Event: 4.149 Loading class java/net/UnknownHostException done
Event: 4.149 Loading class java/net/ProtocolException
Event: 4.149 Loading class java/net/ProtocolException done
Event: 4.172 Loading class java/lang/ThreadLocal$SuppliedThreadLocal
Event: 4.172 Loading class java/lang/ThreadLocal$SuppliedThreadLocal done
Event: 4.185 Loading class java/lang/NegativeArraySizeException
Event: 4.185 Loading class java/lang/NegativeArraySizeException done
Event: 4.185 Loading class java/io/FileWriter
Event: 4.185 Loading class java/io/FileWriter done
Event: 4.723 Loading class org/w3c/dom/DOMException
Event: 4.723 Loading class org/w3c/dom/DOMException done

Classes unloaded (0 events):
No events

Classes redefined (0 events):
No events

Internal exceptions (20 events):
Event: 3.648 Thread 0x000001cc17b5a750 Exception <a 'java/lang/NoSuchMethodError'{0x00000000ec167410}: 'java.lang.Object java.lang.invoke.DirectMethodHandle$Holder.invokeVirtual(java.lang.Object, java.lang.Object, java.lang.Object)'> (0x00000000ec167410) 
thrown [s\src\hotspot\share\interpreter\linkResolver.cpp, line 773]
Event: 3.650 Thread 0x000001cc17b5a750 Exception <a 'java/lang/NoSuchMethodError'{0x00000000ec17ed60}: 'java.lang.Object java.lang.invoke.DelegatingMethodHandle$Holder.reinvoke_L(java.lang.Object, java.lang.Object, java.lang.Object, java.lang.Object, int, int)'> (0x00000000ec17ed60) 
thrown [s\src\hotspot\share\interpreter\linkResolver.cpp, line 773]
Event: 3.654 Thread 0x000001cc17b5a750 Exception <a 'java/lang/NoSuchMethodError'{0x00000000ec19aa50}: 'java.lang.Object java.lang.invoke.DirectMethodHandle$Holder.newInvokeSpecial(java.lang.Object, java.lang.Object, java.lang.Object, java.lang.Object, java.lang.Object, java.lang.Object)'> (0x00000000ec19aa50) 
thrown [s\src\hotspot\share\interpreter\linkResolver.cpp, line 773]
Event: 3.657 Thread 0x000001cc17b5a750 Exception <a 'java/lang/NoSuchMethodError'{0x00000000ec1c62a8}: 'void java.lang.invoke.Invokers$Holder.invokeExact_MT(java.lang.Object, java.lang.Object, java.lang.Object, java.lang.Object)'> (0x00000000ec1c62a8) 
thrown [s\src\hotspot\share\interpreter\linkResolver.cpp, line 773]
Event: 3.751 Thread 0x000001cc17b5a750 Exception <a 'java/io/FileNotFoundException'{0x00000000eab1f8d0}> (0x00000000eab1f8d0) 
thrown [s\src\hotspot\share\prims\jni.cpp, line 520]
Event: 3.752 Thread 0x000001cc17b5a750 Exception <a 'java/io/FileNotFoundException'{0x00000000eab25fc8}> (0x00000000eab25fc8) 
thrown [s\src\hotspot\share\prims\jni.cpp, line 520]
Event: 3.821 Thread 0x000001cc17b5a750 Exception <a 'java/lang/NoSuchMethodError'{0x00000000eae1b080}: 'java.lang.Object java.lang.invoke.DirectMethodHandle$Holder.newInvokeSpecial(java.lang.Object, java.lang.Object, java.lang.Object, java.lang.Object, java.lang.Object)'> (0x00000000eae1b080) 
thrown [s\src\hotspot\share\interpreter\linkResolver.cpp, line 773]
Event: 3.874 Thread 0x000001cc17b5a750 Exception <a 'java/lang/NoSuchMethodError'{0x00000000eaf426d8}: 'java.lang.Object java.lang.invoke.DirectMethodHandle$Holder.invokeStaticInit(java.lang.Object, int)'> (0x00000000eaf426d8) 
thrown [s\src\hotspot\share\interpreter\linkResolver.cpp, line 773]
Event: 3.953 Thread 0x000001cc17b5a750 Exception <a 'java/lang/NoSuchMethodError'{0x00000000eb174260}: 'java.lang.Object java.lang.invoke.DirectMethodHandle$Holder.invokeSpecial(java.lang.Object, java.lang.Object, java.lang.Object, long, java.lang.Object)'> (0x00000000eb174260) 
thrown [s\src\hotspot\share\interpreter\linkResolver.cpp, line 773]
Event: 3.954 Thread 0x000001cc17b5a750 Exception <a 'java/lang/NoSuchMethodError'{0x00000000eb17b850}: 'java.lang.Object java.lang.invoke.DirectMethodHandle$Holder.newInvokeSpecial(java.lang.Object, java.lang.Object, java.lang.Object, long)'> (0x00000000eb17b850) 
thrown [s\src\hotspot\share\interpreter\linkResolver.cpp, line 773]
Event: 3.954 Thread 0x000001cc17b5a750 Exception <a 'java/lang/NoSuchMethodError'{0x00000000eb17f650}: 'java.lang.Object java.lang.invoke.Invokers$Holder.linkToTargetMethod(java.lang.Object, java.lang.Object, long, java.lang.Object)'> (0x00000000eb17f650) 
thrown [s\src\hotspot\share\interpreter\linkResolver.cpp, line 773]
Event: 3.968 Thread 0x000001cc17b5a750 Exception <a 'java/lang/NoSuchMethodError'{0x00000000eb1fc0e8}: 'int java.lang.invoke.DirectMethodHandle$Holder.invokeStaticInit(java.lang.Object, java.lang.Object, java.lang.Object)'> (0x00000000eb1fc0e8) 
thrown [s\src\hotspot\share\interpreter\linkResolver.cpp, line 773]
Event: 4.019 Thread 0x000001cc17b5a750 Exception <a 'java/lang/IncompatibleClassChangeError'{0x00000000eb41e0d0}: Found class java.lang.Object, but interface was expected> (0x00000000eb41e0d0) 
thrown [s\src\hotspot\share\interpreter\linkResolver.cpp, line 840]
Event: 4.024 Thread 0x000001cc17b5a750 Exception <a 'java/lang/NoSuchMethodError'{0x00000000eb42ffc0}: 'java.lang.Object java.lang.invoke.DirectMethodHandle$Holder.invokeSpecial(java.lang.Object, java.lang.Object, java.lang.Object, int, java.lang.Object, java.lang.Object)'> (0x00000000eb42ffc0) 
thrown [s\src\hotspot\share\interpreter\linkResolver.cpp, line 773]
Event: 4.024 Thread 0x000001cc17b5a750 Exception <a 'java/lang/NoSuchMethodError'{0x00000000eb437748}: 'java.lang.Object java.lang.invoke.DirectMethodHandle$Holder.newInvokeSpecial(java.lang.Object, java.lang.Object, java.lang.Object, int, java.lang.Object)'> (0x00000000eb437748) 
thrown [s\src\hotspot\share\interpreter\linkResolver.cpp, line 773]
Event: 4.025 Thread 0x000001cc17b5a750 Exception <a 'java/lang/NoSuchMethodError'{0x00000000eb43b1d8}: 'java.lang.Object java.lang.invoke.Invokers$Holder.linkToTargetMethod(java.lang.Object, java.lang.Object, int, java.lang.Object, java.lang.Object)'> (0x00000000eb43b1d8) 
thrown [s\src\hotspot\share\interpreter\linkResolver.cpp, line 773]
Event: 4.026 Thread 0x000001cc18112450 Exception <a 'java/lang/NoSuchMethodError'{0x00000000eb1d6e60}: 'java.lang.Object java.lang.invoke.DirectMethodHandle$Holder.invokeSpecial(java.lang.Object, java.lang.Object, int, java.lang.Object, java.lang.Object)'> (0x00000000eb1d6e60) 
thrown [s\src\hotspot\share\interpreter\linkResolver.cpp, line 773]
Event: 4.026 Thread 0x000001cc18112450 Exception <a 'java/lang/NoSuchMethodError'{0x00000000eb1dda08}: 'java.lang.Object java.lang.invoke.DirectMethodHandle$Holder.newInvokeSpecial(java.lang.Object, java.lang.Object, int, java.lang.Object)'> (0x00000000eb1dda08) 
thrown [s\src\hotspot\share\interpreter\linkResolver.cpp, line 773]
Event: 4.050 Thread 0x000001cc17b5a750 Exception <a 'java/lang/NoSuchMethodError'{0x00000000eb55a308}: 'void java.lang.invoke.DirectMethodHandle$Holder.invokeSpecial(java.lang.Object, java.lang.Object, java.lang.Object, java.lang.Object, java.lang.Object)'> (0x00000000eb55a308) 
thrown [s\src\hotspot\share\interpreter\linkResolver.cpp, line 773]
Event: 4.526 Thread 0x000001cc17b5a750 Implicit null exception at 0x000001cbc6fdb3f5 to 0x000001cbc6fdb4e8

ZGC Phase Switch (0 events):
No events

VM Operations (20 events):
Event: 2.627 Executing VM operation: Cleanup
Event: 2.628 Executing VM operation: Cleanup done
Event: 2.864 Executing VM operation: ParallelGCFailedAllocation (Allocation Failure)
Event: 2.871 Executing VM operation: ParallelGCFailedAllocation (Allocation Failure) done
Event: 2.874 Executing VM operation: HandshakeAllThreads (Deoptimize)
Event: 2.875 Executing VM operation: HandshakeAllThreads (Deoptimize) done
Event: 3.053 Executing VM operation: HandshakeAllThreads (Deoptimize)
Event: 3.054 Executing VM operation: HandshakeAllThreads (Deoptimize) done
Event: 3.446 Executing VM operation: HandshakeAllThreads (Deoptimize)
Event: 3.446 Executing VM operation: HandshakeAllThreads (Deoptimize) done
Event: 3.740 Executing VM operation: ParallelGCFailedAllocation (Allocation Failure)
Event: 3.745 Executing VM operation: ParallelGCFailedAllocation (Allocation Failure) done
Event: 3.976 Executing VM operation: HandshakeAllThreads (Deoptimize)
Event: 3.976 Executing VM operation: HandshakeAllThreads (Deoptimize) done
Event: 4.005 Executing VM operation: HandshakeAllThreads (Deoptimize)
Event: 4.005 Executing VM operation: HandshakeAllThreads (Deoptimize) done
Event: 4.248 Executing VM operation: ParallelGCFailedAllocation (Allocation Failure)
Event: 4.254 Executing VM operation: ParallelGCFailedAllocation (Allocation Failure) done
Event: 4.633 Executing VM operation: ParallelGCFailedAllocation (Allocation Failure)
Event: 4.639 Executing VM operation: ParallelGCFailedAllocation (Allocation Failure) done

Events (20 events):
Event: 0.062 Thread 0x000001cbd05dec20 Thread added: 0x000001cbd05dec20
Event: 0.062 Thread 0x000001cbd05e1f60 Thread added: 0x000001cbd05e1f60
Event: 0.062 Thread 0x000001cbd05e6bf0 Thread added: 0x000001cbd05e6bf0
Event: 0.062 Thread 0x000001cbd05e85d0 Thread added: 0x000001cbd05e85d0
Event: 0.097 Thread 0x000001cc171bd8a0 Thread added: 0x000001cc171bd8a0
Event: 0.412 Thread 0x000001cc174271d0 Thread added: 0x000001cc174271d0
Event: 1.567 Thread 0x000001cc1761ec80 Thread added: 0x000001cc1761ec80
Event: 2.729 Thread 0x000001cc1780f130 Thread added: 0x000001cc1780f130
Event: 2.736 Thread 0x000001cc17b5a750 Thread added: 0x000001cc17b5a750
Event: 2.798 Thread 0x000001cc179628c0 Thread added: 0x000001cc179628c0
Event: 3.031 Thread 0x000001cc1784d550 Thread added: 0x000001cc1784d550
Event: 3.153 Thread 0x000001cc178749e0 Thread added: 0x000001cc178749e0
Event: 3.153 Thread 0x000001cc17875090 Thread added: 0x000001cc17875090
Event: 3.390 Thread 0x000001cc17875090 Thread exited: 0x000001cc17875090
Event: 3.497 Thread 0x000001cc17ead620 Thread added: 0x000001cc17ead620
Event: 3.959 Thread 0x000001cc18112450 Thread added: 0x000001cc18112450
Event: 4.027 Thread 0x000001cc1816c4a0 Thread added: 0x000001cc1816c4a0
Event: 4.389 Thread 0x000001cc178749e0 Thread exited: 0x000001cc178749e0
Event: 4.754 Thread 0x000001cc186f47c0 Thread added: 0x000001cc186f47c0
Event: 4.754 Thread 0x000001cc18bbaaf0 Thread added: 0x000001cc18bbaaf0


Dynamic libraries:
0x00007ff60bdb0000 - 0x00007ff60bdbe000 	c:\Program Files\Eclipse Adoptium\jdk-21.0.3.9-hotspot\bin\java.exe
0x00007ffb16dd0000 - 0x00007ffb16fe6000 	C:\WINDOWS\SYSTEM32\ntdll.dll
0x00007ffb15d40000 - 0x00007ffb15e04000 	C:\WINDOWS\System32\KERNEL32.DLL
0x00007ffb14460000 - 0x00007ffb14807000 	C:\WINDOWS\System32\KERNELBASE.dll
0x00007ffb142c0000 - 0x00007ffb143d1000 	C:\WINDOWS\System32\ucrtbase.dll
0x00007ffb0cba0000 - 0x00007ffb0cbb8000 	c:\Program Files\Eclipse Adoptium\jdk-21.0.3.9-hotspot\bin\jli.dll
0x00007ffb16bc0000 - 0x00007ffb16d6e000 	C:\WINDOWS\System32\USER32.dll
0x00007ffb14260000 - 0x00007ffb14286000 	C:\WINDOWS\System32\win32u.dll
0x00007ffb15f10000 - 0x00007ffb15f39000 	C:\WINDOWS\System32\GDI32.dll
0x00007ffb148b0000 - 0x00007ffb149c9000 	C:\WINDOWS\System32\gdi32full.dll
0x00007ffb14810000 - 0x00007ffb148aa000 	C:\WINDOWS\System32\msvcp_win.dll
0x00007ffaf3ca0000 - 0x00007ffaf3cbb000 	c:\Program Files\Eclipse Adoptium\jdk-21.0.3.9-hotspot\bin\VCRUNTIME140.dll
0x00007ffaf44f0000 - 0x00007ffaf4783000 	C:\WINDOWS\WinSxS\amd64_microsoft.windows.common-controls_6595b64144ccf1df_6.0.22621.3235_none_270f74e173860f98\COMCTL32.dll
0x00007ffb15190000 - 0x00007ffb15237000 	C:\WINDOWS\System32\msvcrt.dll
0x00007ffb15790000 - 0x00007ffb157c1000 	C:\WINDOWS\System32\IMM32.DLL
0x00007ffb0cc40000 - 0x00007ffb0cc4c000 	c:\Program Files\Eclipse Adoptium\jdk-21.0.3.9-hotspot\bin\vcruntime140_1.dll
0x00007ffad6950000 - 0x00007ffad69de000 	c:\Program Files\Eclipse Adoptium\jdk-21.0.3.9-hotspot\bin\msvcp140.dll
0x00007ffab6070000 - 0x00007ffab6df2000 	c:\Program Files\Eclipse Adoptium\jdk-21.0.3.9-hotspot\bin\server\jvm.dll
0x00007ffb162a0000 - 0x00007ffb16352000 	C:\WINDOWS\System32\ADVAPI32.dll
0x00007ffb15ad0000 - 0x00007ffb15b78000 	C:\WINDOWS\System32\sechost.dll
0x00007ffb14290000 - 0x00007ffb142b8000 	C:\WINDOWS\System32\bcrypt.dll
0x00007ffb159b0000 - 0x00007ffb15ac5000 	C:\WINDOWS\System32\RPCRT4.dll
0x00007ffb16170000 - 0x00007ffb161e1000 	C:\WINDOWS\System32\WS2_32.dll
0x00007ffb12f50000 - 0x00007ffb12f9d000 	C:\WINDOWS\SYSTEM32\POWRPROF.dll
0x00007ffb0df60000 - 0x00007ffb0df94000 	C:\WINDOWS\SYSTEM32\WINMM.dll
0x00007ffb0aeb0000 - 0x00007ffb0aeba000 	C:\WINDOWS\SYSTEM32\VERSION.dll
0x00007ffb12f30000 - 0x00007ffb12f43000 	C:\WINDOWS\SYSTEM32\UMPDC.dll
0x00007ffb13140000 - 0x00007ffb13158000 	C:\WINDOWS\SYSTEM32\kernel.appcore.dll
0x00007ffaf7e50000 - 0x00007ffaf7e5a000 	c:\Program Files\Eclipse Adoptium\jdk-21.0.3.9-hotspot\bin\jimage.dll
0x00007ffb0f590000 - 0x00007ffb0f7c3000 	C:\WINDOWS\SYSTEM32\DBGHELP.DLL
0x00007ffb14b70000 - 0x00007ffb14ef8000 	C:\WINDOWS\System32\combase.dll
0x00007ffb14f20000 - 0x00007ffb14ff7000 	C:\WINDOWS\System32\OLEAUT32.dll
0x00007ffb0df20000 - 0x00007ffb0df52000 	C:\WINDOWS\SYSTEM32\dbgcore.DLL
0x00007ffb143e0000 - 0x00007ffb14459000 	C:\WINDOWS\System32\bcryptPrimitives.dll
0x00007ffaf7310000 - 0x00007ffaf731f000 	c:\Program Files\Eclipse Adoptium\jdk-21.0.3.9-hotspot\bin\instrument.dll
0x00007ffaf3200000 - 0x00007ffaf321f000 	c:\Program Files\Eclipse Adoptium\jdk-21.0.3.9-hotspot\bin\java.dll
0x00007ffb16360000 - 0x00007ffb16bbc000 	C:\WINDOWS\System32\SHELL32.dll
0x00007ffb0ea60000 - 0x00007ffb0f359000 	C:\WINDOWS\SYSTEM32\windows.storage.dll
0x00007ffb0e8c0000 - 0x00007ffb0e9fe000 	C:\WINDOWS\SYSTEM32\wintypes.dll
0x00007ffb15e10000 - 0x00007ffb15f03000 	C:\WINDOWS\System32\SHCORE.dll
0x00007ffb14b00000 - 0x00007ffb14b5e000 	C:\WINDOWS\System32\shlwapi.dll
0x00007ffb14020000 - 0x00007ffb14041000 	C:\WINDOWS\SYSTEM32\profapi.dll
0x00007ffacf520000 - 0x00007ffacf5f7000 	c:\Program Files\Eclipse Adoptium\jdk-21.0.3.9-hotspot\bin\jsvml.dll
0x00007ffaf2be0000 - 0x00007ffaf2bf8000 	c:\Program Files\Eclipse Adoptium\jdk-21.0.3.9-hotspot\bin\zip.dll
0x00007ffaf4970000 - 0x00007ffaf4980000 	C:\Program Files\Eclipse Adoptium\jdk-21.0.3.9-hotspot\bin\net.dll
0x00007ffb0b9f0000 - 0x00007ffb0bb26000 	C:\WINDOWS\SYSTEM32\WINHTTP.dll
0x00007ffb13640000 - 0x00007ffb136a9000 	C:\WINDOWS\system32\mswsock.dll
0x00007ffaf2810000 - 0x00007ffaf2826000 	C:\Program Files\Eclipse Adoptium\jdk-21.0.3.9-hotspot\bin\nio.dll
0x00007ffaf32b0000 - 0x00007ffaf32c0000 	c:\Program Files\Eclipse Adoptium\jdk-21.0.3.9-hotspot\bin\verify.dll
0x00007ffad3d80000 - 0x00007ffad3dbe000 	C:\Users\laura\AppData\Roaming\Code\User\globalStorage\redhat.java\1.30.0\config_ss_win\org.eclipse.equinox.launcher\org.eclipse.equinox.launcher.win32.win32.x86_64_1.2.900.v20240213-1244\eclipse_11900.dll
0x00007ffb15b80000 - 0x00007ffb15d25000 	C:\WINDOWS\System32\ole32.dll

dbghelp: loaded successfully - version: 4.0.5 - missing functions: none
symbol engine: initialized successfully - sym options: 0x614 - pdb path: .;c:\Program Files\Eclipse Adoptium\jdk-21.0.3.9-hotspot\bin;C:\WINDOWS\SYSTEM32;C:\WINDOWS\WinSxS\amd64_microsoft.windows.common-controls_6595b64144ccf1df_6.0.22621.3235_none_270f74e173860f98;c:\Program Files\Eclipse Adoptium\jdk-21.0.3.9-hotspot\bin\server;C:\Users\laura\AppData\Roaming\Code\User\globalStorage\redhat.java\1.30.0\config_ss_win\org.eclipse.equinox.launcher\org.eclipse.equinox.launcher.win32.win32.x86_64_1.2.900.v20240213-1244

VM Arguments:
jvm_args: --add-modules=ALL-SYSTEM --add-opens=java.base/java.util=ALL-UNNAMED --add-opens=java.base/java.lang=ALL-UNNAMED --add-opens=java.base/sun.nio.fs=ALL-UNNAMED -Declipse.application=org.eclipse.jdt.ls.core.id1 -Dosgi.bundles.defaultStartLevel=4 -Declipse.product=org.eclipse.jdt.ls.core.product -Djava.import.generatesMetadataFilesAtProjectRoot=false -DDetectVMInstallationsJob.disabled=true -Dfile.encoding=utf8 -XX:+UseParallelGC -XX:GCTimeRatio=4 -XX:AdaptiveSizePolicyWeight=90 -Dsun.zip.disableMemoryMapping=true -Xmx1G -Xms100m -Xlog:disable -javaagent:c:\Users\laura\.vscode\extensions\redhat.java-1.30.0-win32-x64\lombok\lombok-1.18.32.jar 
java_command: c:\Users\laura\.vscode\extensions\redhat.java-1.30.0-win32-x64\server\plugins\org.eclipse.equinox.launcher_1.6.800.v20240330-1250.jar -configuration c:\Users\laura\AppData\Roaming\Code\User\globalStorage\redhat.java\1.30.0\config_ss_win -data c:\Users\laura\AppData\Roaming\Code\User\workspaceStorage\9bcddfa4390842ee8a615019ffbbb697\redhat.java\ss_ws --pipe=\\.\pipe\lsp-3632ebc679ae9654ec703f2870907e68-sock
java_class_path (initial): c:\Users\laura\.vscode\extensions\redhat.java-1.30.0-win32-x64\server\plugins\org.eclipse.equinox.launcher_1.6.800.v20240330-1250.jar
Launcher Type: SUN_STANDARD

[Global flags]
    uintx AdaptiveSizePolicyWeight                 = 90                                        {product} {command line}
     intx CICompilerCount                          = 4                                         {product} {ergonomic}
    uintx GCTimeRatio                              = 4                                         {product} {command line}
   size_t InitialHeapSize                          = 104857600                                 {product} {command line}
   size_t MaxHeapSize                              = 1073741824                                {product} {command line}
   size_t MaxNewSize                               = 357564416                                 {product} {ergonomic}
   size_t MinHeapDeltaBytes                        = 524288                                    {product} {ergonomic}
   size_t MinHeapSize                              = 104857600                                 {product} {command line}
   size_t NewSize                                  = 34603008                                  {product} {ergonomic}
    uintx NonNMethodCodeHeapSize                   = 5839372                                {pd product} {ergonomic}
    uintx NonProfiledCodeHeapSize                  = 122909434                              {pd product} {ergonomic}
   size_t OldSize                                  = 70254592                                  {product} {ergonomic}
    uintx ProfiledCodeHeapSize                     = 122909434                              {pd product} {ergonomic}
    uintx ReservedCodeCacheSize                    = 251658240                              {pd product} {ergonomic}
     bool SegmentedCodeCache                       = true                                      {product} {ergonomic}
   size_t SoftMaxHeapSize                          = 1073741824                             {manageable} {ergonomic}
     bool UseCompressedOops                        = true                           {product lp64_product} {ergonomic}
     bool UseLargePagesIndividualAllocation        = false                                  {pd product} {ergonomic}
     bool UseParallelGC                            = true                                      {product} {command line}

Logging:
Log output configuration:
 #0: stdout all=off uptime,level,tags foldmultilines=false
 #1: stderr all=off uptime,level,tags foldmultilines=false

Environment Variables:
JAVA_HOME=C:\Program Files (x86)\Java\jre1.8.0_301
PATH=C:\Program Files\Eclipse Adoptium\jdk-21.0.3.9-hotspot\bin;C:\Program Files\Common Files\Oracle\Java\javapath;C:\Users\laura\AppData\Local\Programs\Python\Python310\Scripts\;C:\Users\laura\AppData\Local\Programs\Python\Python310\;C:\Users\laura\Scripts\;C:\Users\laura\;C:\Python310\Scripts\;C:\Python310\;C:\SAP\ASE-16_0\jobscheduler\bin;C:\SAP\ASE-16_0\dll;C:\SAP\WLA\bin;C:\SAP\ASE-16_0\bin;C:\SAP\COCKPIT-4\bin;C:\SAP\DataAccess64\ADONET\dll;C:\SAP\DataAccess\ADONET\dll;C:\SAP\DataAccess64\ODBC\dll;C:\SAP\DataAccess\ODBC\dll;C:\SAP\OCS-16_0\lib3p64;C:\SAP\OCS-16_0\lib3p;C:\SAP\OCS-16_0\dll;C:\SAP\OCS-16_0\bin;C:\Program Files (x86)\Common Files\Oracle\Java\javapath;C:\Windows\system32;C:\Windows;C:\Windows\System32\Wbem;C:\Windows\System32\WindowsPowerShell\v1.0\;C:\Windows\System32\OpenSSH\;C:\Program Files (x86)\NVIDIA Corporation\PhysX\Common;C:\Program Files\NVIDIA Corporation\NVIDIA NvDLISR;C:\WINDOWS\system32;C:\WINDOWS;C:\WINDOWS\System32\Wbem;C:\WINDOWS\System32\WindowsPowerShell\v1.0\;C:\WINDOWS\System32\OpenSSH\;C:\Program Files\Microsoft SQL Server\Client SDK\ODBC\170\Tools\Binn\;C:\Program Files (x86)\Microsoft SQL Server\150\Tools\Binn\;C:\Program Files\Microsoft SQL Server\150\Tools\Binn\;C:\Program Files\Microsoft SQL Server\150\DTS\Binn\;C:\Program Files\dotnet\;C:\Program Files\Microsoft VS Code\bin;C:\Program Files (x86)\Java\jre1.8.0_301\bin;C:\ProgramData\chocolatey\bin;C:\site;C:\Program Files\nodejs\;C:\Program Files\Git\cmd;C:\WINDOWS\system32;C:\WINDOWS;C:\WINDOWS\System32\Wbem;C:\WINDOWS\System32\WindowsPowerShell\v1.0\;C:\WINDOWS\System32\OpenSSH\;C:\Program Files\MySQL\MySQL Shell 8.0\bin\;C:\Users\laura\AppData\Local\Microsoft\WindowsApps;C:\Users\laura\.dotnet\tools;C:\Program Files\JetBrains\PyCharm 2021.3.2\bin;;c:\site;C:\Users\laura\AppData\Roaming\npm;C:\Users\laura\Downloads\mongosh-1.10.6-win32-x64\mongosh-1.10.6-win32-x64\bin;
USERNAME=laura
OS=Windows_NT
PROCESSOR_IDENTIFIER=Intel64 Family 6 Model 142 Stepping 12, GenuineIntel
TMP=C:\Users\laura\AppData\Local\Temp
TEMP=C:\Users\laura\AppData\Local\Temp




Periodic native trim disabled

---------------  S Y S T E M  ---------------

OS:
 Windows 11 , 64 bit Build 22621 (10.0.22621.3374)
OS uptime: 0 days 7:50 hours
Hyper-V role detected

CPU: total 8 (initial active 8) (4 cores per cpu, 2 threads per core) family 6 model 142 stepping 12 microcode 0xf0, cx8, cmov, fxsr, ht, mmx, 3dnowpref, sse, sse2, sse3, ssse3, sse4.1, sse4.2, popcnt, lzcnt, tsc, tscinvbit, avx, avx2, aes, erms, clmul, bmi1, bmi2, adx, fma, vzeroupper, clflush, clflushopt, hv, rdtscp, f16c
Processor Information for all 8 processors :
  Max Mhz: 2304, Current Mhz: 1803, Mhz Limit: 1797

Memory: 4k page, system-wide physical 16168M (775M free)
TotalPageFile size 44503M (AvailPageFile size 5M)
current process WorkingSet (physical memory assigned to process): 134M, peak: 134M
current process commit charge ("private bytes"): 241M, peak: 243M

vm_info: OpenJDK 64-Bit Server VM (21.0.3+9-LTS) for windows-amd64 JRE (21.0.3+9-LTS), built on 2024-04-16T00:00:00Z by "admin" with MS VC++ 17.7 (VS2022)

END.
