#
# There is insufficient memory for the Java Runtime Environment to continue.
# Native memory allocation (mmap) failed to map 65536 bytes. Error detail: Failed to commit metaspace.
# Possible reasons:
#   The system is out of physical RAM or swap space
#   This process is running with CompressedOops enabled, and the Java Heap may be blocking the growth of the native heap
# Possible solutions:
#   Reduce memory load on the system
#   Increase physical memory or swap space
#   Check if swap backing store is full
#   Decrease Java heap size (-Xmx/-Xms)
#   Decrease number of Java threads
#   Decrease Java thread stack sizes (-Xss)
#   Set larger code cache with -XX:ReservedCodeCacheSize=
#   JVM is running with Unscaled Compressed Oops mode in which the Java heap is
#     placed in the first 4GB address space. The Java Heap base address is the
#     maximum limit for the native heap growth. Please use -XX:HeapBaseMinAddress
#     to set the Java Heap base and to place the Java Heap above 4GB virtual address.
# This output file may be truncated or incomplete.
#
#  Out of Memory Error (virtualSpaceNode.cpp:112), pid=3384, tid=9484
#
# JRE version: OpenJDK Runtime Environment Temurin-21.0.3+9 (21.0.3+9) (build 21.0.3+9-LTS)
# Java VM: OpenJDK 64-Bit Server VM Temurin-21.0.3+9 (21.0.3+9-LTS, mixed mode, sharing, tiered, compressed oops, compressed class ptrs, parallel gc, windows-amd64)
# No core dump will be written. Minidumps are not enabled by default on client versions of Windows
#

---------------  S U M M A R Y ------------

Command Line: --add-modules=ALL-SYSTEM --add-opens=java.base/java.util=ALL-UNNAMED --add-opens=java.base/java.lang=ALL-UNNAMED --add-opens=java.base/sun.nio.fs=ALL-UNNAMED -Declipse.application=org.eclipse.jdt.ls.core.id1 -Dosgi.bundles.defaultStartLevel=4 -Declipse.product=org.eclipse.jdt.ls.core.product -Djava.import.generatesMetadataFilesAtProjectRoot=false -DDetectVMInstallationsJob.disabled=true -Dfile.encoding=utf8 -XX:+UseParallelGC -XX:GCTimeRatio=4 -XX:AdaptiveSizePolicyWeight=90 -Dsun.zip.disableMemoryMapping=true -Xmx1G -Xms100m -Xlog:disable -javaagent:c:\Users\laura\.vscode\extensions\redhat.java-1.30.0-win32-x64\lombok\lombok-1.18.32.jar c:\Users\laura\.vscode\extensions\redhat.java-1.30.0-win32-x64\server\plugins\org.eclipse.equinox.launcher_1.6.800.v20240330-1250.jar -configuration c:\Users\laura\AppData\Roaming\Code\User\globalStorage\redhat.java\1.30.0\config_ss_win -data c:\Users\laura\AppData\Roaming\Code\User\workspaceStorage\9bcddfa4390842ee8a615019ffbbb697\redhat.java\ss_ws --pipe=\\.\pipe\lsp-bc402e1761455617785512d71b8f1043-sock

Host: Intel(R) Core(TM) i7-10510U CPU @ 1.80GHz, 8 cores, 15G,  Windows 11 , 64 bit Build 22621 (10.0.22621.3374)
Time: Tue May  7 18:40:43 2024 Hora oficial do Brasil elapsed time: 0.526532 seconds (0d 0h 0m 0s)

---------------  T H R E A D  ---------------

Current thread (0x000001f68a4923b0):  JavaThread "main"             [_thread_in_vm, id=9484, stack(0x0000003928f00000,0x0000003929000000) (1024K)]

Stack: [0x0000003928f00000,0x0000003929000000]
Native frames: (J=compiled Java code, j=interpreted, Vv=VM code, C=native code)
V  [jvm.dll+0x6c8699]
V  [jvm.dll+0x8a2061]
V  [jvm.dll+0x8a458e]
V  [jvm.dll+0x8a4c63]
V  [jvm.dll+0x27e476]
V  [jvm.dll+0x89ddae]
V  [jvm.dll+0x66b525]
V  [jvm.dll+0x1e3f8c]
V  [jvm.dll+0x1e3d5e]
V  [jvm.dll+0x66de22]
V  [jvm.dll+0x66dc42]
V  [jvm.dll+0x66befe]
V  [jvm.dll+0x6761a7]
V  [jvm.dll+0x214dbd]
V  [jvm.dll+0x21533a]
V  [jvm.dll+0x215d65]
V  [jvm.dll+0x20b32e]
V  [jvm.dll+0x5a9c8c]
V  [jvm.dll+0x81b766]
V  [jvm.dll+0x46d560]
V  [jvm.dll+0x473408]
C  [java.dll+0x17ec]

Java frames: (J=compiled Java code, j=interpreted, Vv=VM code)
j  java.lang.ClassLoader.defineClass1(Ljava/lang/ClassLoader;Ljava/lang/String;[BIILjava/security/ProtectionDomain;Ljava/lang/String;)Ljava/lang/Class;+0 java.base@21.0.3
j  java.lang.ClassLoader.defineClass(Ljava/lang/String;[BIILjava/security/ProtectionDomain;)Ljava/lang/Class;+27 java.base@21.0.3
j  java.lang.ClassLoader.defineClass(Ljava/lang/String;[BII)Ljava/lang/Class;+7 java.base@21.0.3
j  lombok.launch.ShadowClassLoader.urlToDefineClass(Ljava/lang/String;Ljava/net/URL;Z)Ljava/lang/Class;+155
j  lombok.launch.ShadowClassLoader.loadClass(Ljava/lang/String;Z)Ljava/lang/Class;+238
j  java.lang.ClassLoader.loadClass(Ljava/lang/String;)Ljava/lang/Class;+3 java.base@21.0.3
v  ~StubRoutines::call_stub 0x000001f69a09100d
j  lombok.eclipse.agent.EclipseLoaderPatcher.patchEquinoxLoaders(Llombok/patcher/ScriptManager;Ljava/lang/Class;)V+168
j  lombok.eclipse.agent.EclipsePatcher.registerPatchScripts(Ljava/lang/instrument/Instrumentation;ZLjava/lang/Class;)V+44
j  lombok.eclipse.agent.EclipsePatcher.runAgent(Ljava/lang/String;Ljava/lang/instrument/Instrumentation;ZLjava/lang/Class;)V+4
j  lombok.core.AgentLauncher.runAgents(Ljava/lang/String;Ljava/lang/instrument/Instrumentation;ZLjava/lang/Class;)V+62
j  java.lang.invoke.LambdaForm$DMH+0x000001f6a5004800.invokeStatic(Ljava/lang/Object;Ljava/lang/Object;Ljava/lang/Object;ILjava/lang/Object;)V+16 java.base@21.0.3
j  java.lang.invoke.LambdaForm$MH+0x000001f6a5008c00.invoke(Ljava/lang/Object;Ljava/lang/Object;Ljava/lang/Object;)Ljava/lang/Object;+124 java.base@21.0.3
j  java.lang.invoke.Invokers$Holder.invokeExact_MT(Ljava/lang/Object;Ljava/lang/Object;Ljava/lang/Object;Ljava/lang/Object;)Ljava/lang/Object;+20 java.base@21.0.3
j  jdk.internal.reflect.DirectMethodHandleAccessor.invokeImpl(Ljava/lang/Object;[Ljava/lang/Object;)Ljava/lang/Object;+104 java.base@21.0.3
j  jdk.internal.reflect.DirectMethodHandleAccessor.invoke(Ljava/lang/Object;[Ljava/lang/Object;)Ljava/lang/Object;+23 java.base@21.0.3
j  java.lang.reflect.Method.invoke(Ljava/lang/Object;[Ljava/lang/Object;)Ljava/lang/Object;+102 java.base@21.0.3
j  lombok.launch.Agent.runLauncher(Ljava/lang/String;Ljava/lang/instrument/Instrumentation;Z)V+73
j  lombok.launch.Agent.premain(Ljava/lang/String;Ljava/lang/instrument/Instrumentation;)V+3
j  java.lang.invoke.LambdaForm$DMH+0x000001f6a5000c00.invokeStatic(Ljava/lang/Object;Ljava/lang/Object;Ljava/lang/Object;)V+11 java.base@21.0.3
j  java.lang.invoke.LambdaForm$MH+0x000001f6a5002800.invoke(Ljava/lang/Object;Ljava/lang/Object;Ljava/lang/Object;Ljava/lang/Object;)Ljava/lang/Object;+54 java.base@21.0.3
j  java.lang.invoke.LambdaForm$MH+0x000001f6a5002c00.invokeExact_MT(Ljava/lang/Object;Ljava/lang/Object;Ljava/lang/Object;Ljava/lang/Object;Ljava/lang/Object;)Ljava/lang/Object;+22 java.base@21.0.3
j  jdk.internal.reflect.DirectMethodHandleAccessor.invokeImpl(Ljava/lang/Object;[Ljava/lang/Object;)Ljava/lang/Object;+72 java.base@21.0.3
j  jdk.internal.reflect.DirectMethodHandleAccessor.invoke(Ljava/lang/Object;[Ljava/lang/Object;)Ljava/lang/Object;+23 java.base@21.0.3
j  java.lang.reflect.Method.invoke(Ljava/lang/Object;[Ljava/lang/Object;)Ljava/lang/Object;+102 java.base@21.0.3
j  sun.instrument.InstrumentationImpl.loadClassAndStartAgent(Ljava/lang/String;Ljava/lang/String;Ljava/lang/String;)V+165 java.instrument@21.0.3
j  sun.instrument.InstrumentationImpl.loadClassAndCallPremain(Ljava/lang/String;Ljava/lang/String;)V+6 java.instrument@21.0.3
v  ~StubRoutines::call_stub 0x000001f69a09100d

---------------  P R O C E S S  ---------------

Threads class SMR info:
_java_thread_list=0x000001f6e6938940, length=10, elements={
0x000001f68a4923b0, 0x000001f6a3d28400, 0x000001f68a54e820, 0x000001f6a3d2a670,
0x000001f6a3d2b590, 0x000001f6a3d2d360, 0x000001f6a3d30720, 0x000001f6a3d35d80,
0x000001f6a3d50600, 0x000001f68a4fecf0
}

Java Threads: ( => current thread )
=>0x000001f68a4923b0 JavaThread "main"                              [_thread_in_vm, id=9484, stack(0x0000003928f00000,0x0000003929000000) (1024K)]
  0x000001f6a3d28400 JavaThread "Reference Handler"          daemon [_thread_blocked, id=5628, stack(0x0000003929300000,0x0000003929400000) (1024K)]
  0x000001f68a54e820 JavaThread "Finalizer"                  daemon [_thread_blocked, id=10264, stack(0x0000003929400000,0x0000003929500000) (1024K)]
  0x000001f6a3d2a670 JavaThread "Signal Dispatcher"          daemon [_thread_blocked, id=19248, stack(0x0000003929500000,0x0000003929600000) (1024K)]
  0x000001f6a3d2b590 JavaThread "Attach Listener"            daemon [_thread_blocked, id=22308, stack(0x0000003929600000,0x0000003929700000) (1024K)]
  0x000001f6a3d2d360 JavaThread "Service Thread"             daemon [_thread_blocked, id=24236, stack(0x0000003929700000,0x0000003929800000) (1024K)]
  0x000001f6a3d30720 JavaThread "Monitor Deflation Thread"   daemon [_thread_blocked, id=1992, stack(0x0000003929800000,0x0000003929900000) (1024K)]
  0x000001f6a3d35d80 JavaThread "C2 CompilerThread0"         daemon [_thread_blocked, id=9012, stack(0x0000003929900000,0x0000003929a00000) (1024K)]
  0x000001f6a3d50600 JavaThread "C1 CompilerThread0"         daemon [_thread_blocked, id=15100, stack(0x0000003929a00000,0x0000003929b00000) (1024K)]
  0x000001f68a4fecf0 JavaThread "Common-Cleaner"             daemon [_thread_blocked, id=16400, stack(0x0000003929b00000,0x0000003929c00000) (1024K)]
Total: 10

Other Threads:
  0x000001f68a52fe20 VMThread "VM Thread"                           [id=13008, stack(0x0000003929200000,0x0000003929300000) (1024K)]
  0x000001f68a4fb780 WatcherThread "VM Periodic Task Thread"        [id=15540, stack(0x0000003929100000,0x0000003929200000) (1024K)]
  0x000001f68a4af980 WorkerThread "GC Thread#0"                     [id=8272, stack(0x0000003929000000,0x0000003929100000) (1024K)]
Total: 3

Threads with active compile tasks:
Total: 0

VM state: not at safepoint (normal execution)

VM Mutex/Monitor currently owned by a thread:  ([mutex/lock_event])
[0x00007ffab34200a8] Metaspace_lock - owner thread: 0x000001f68a4923b0

Heap address: 0x00000000c0000000, size: 1024 MB, Compressed Oops mode: 32-bit

CDS archive(s) mapped at: [0x000001f6a4000000-0x000001f6a4c90000-0x000001f6a4c90000), size 13172736, SharedBaseAddress: 0x000001f6a4000000, ArchiveRelocationMode: 1.
Compressed class space mapped at: 0x000001f6a5000000-0x000001f6e5000000, reserved size: 1073741824
Narrow klass base: 0x000001f6a4000000, Narrow klass shift: 0, Narrow klass range: 0x100000000

GC Precious Log:
 CardTable entry size: 512
 CPUs: 8 total, 8 available
 Memory: 16168M
 Large Page Support: Disabled
 NUMA Support: Disabled
 Compressed Oops: Enabled (32-bit)
 Alignments: Space 512K, Generation 512K, Heap 2M
 Heap Min Capacity: 100M
 Heap Initial Capacity: 100M
 Heap Max Capacity: 1G
 Pre-touch: Disabled
 Parallel Workers: 8

Heap:
 PSYoungGen      total 29696K, used 7364K [0x00000000eab00000, 0x00000000ecc00000, 0x0000000100000000)
  eden space 25600K, 28% used [0x00000000eab00000,0x00000000eb231040,0x00000000ec400000)
  from space 4096K, 0% used [0x00000000ec800000,0x00000000ec800000,0x00000000ecc00000)
  to   space 4096K, 0% used [0x00000000ec400000,0x00000000ec400000,0x00000000ec800000)
 ParOldGen       total 68608K, used 0K [0x00000000c0000000, 0x00000000c4300000, 0x00000000eab00000)
  object space 68608K, 0% used [0x00000000c0000000,0x00000000c0000000,0x00000000c4300000)
 Metaspace       used 968K, committed 1088K, reserved 1114112K
  class space    used 84K, committed 128K, reserved 1048576K

Card table byte_map: [0x000001f689e50000,0x000001f68a060000] _byte_map_base: 0x000001f689850000

Marking Bits: (ParMarkBitMap*) 0x00007ffab3427080
 Begin Bits: [0x000001f6a1b60000, 0x000001f6a2b60000)
 End Bits:   [0x000001f6a2b60000, 0x000001f6a3b60000)

Polling page: 0x000001f688620000

Metaspace:

Usage:
  Non-class:    884.22 KB used.
      Class:     84.27 KB used.
       Both:    968.49 KB used.

Virtual space:
  Non-class space:       64.00 MB reserved,     960.00 KB (  1%) committed,  1 nodes.
      Class space:        1.00 GB reserved,     128.00 KB ( <1%) committed,  1 nodes.
             Both:        1.06 GB reserved,       1.06 MB ( <1%) committed. 

Chunk freelists:
   Non-Class:  11.73 MB
       Class:  15.70 MB
        Both:  27.43 MB

MaxMetaspaceSize: unlimited
CompressedClassSpaceSize: 1.00 GB
Initial GC threshold: 21.00 MB
Current GC threshold: 21.00 MB
CDS: on
 - commit_granule_bytes: 65536.
 - commit_granule_words: 8192.
 - virtual_space_node_default_size: 8388608.
 - enlarge_chunks_in_place: 1.
 - use_allocation_guard: 0.


Internal statistics:

num_allocs_failed_limit: 0.
num_arena_births: 74.
num_arena_deaths: 0.
num_vsnodes_births: 2.
num_vsnodes_deaths: 0.
num_space_committed: 17.
num_space_uncommitted: 0.
num_chunks_returned_to_freelist: 0.
num_chunks_taken_from_freelist: 90.
num_chunk_merges: 0.
num_chunk_splits: 64.
num_chunks_enlarged: 40.
num_inconsistent_stats: 0.

CodeHeap 'non-profiled nmethods': size=120000Kb used=149Kb max_used=149Kb free=119850Kb
 bounds [0x000001f69a630000, 0x000001f69a8a0000, 0x000001f6a1b60000]
CodeHeap 'profiled nmethods': size=120000Kb used=626Kb max_used=626Kb free=119373Kb
 bounds [0x000001f692b60000, 0x000001f692dd0000, 0x000001f69a090000]
CodeHeap 'non-nmethods': size=5760Kb used=1147Kb max_used=1163Kb free=4612Kb
 bounds [0x000001f69a090000, 0x000001f69a300000, 0x000001f69a630000]
 total_blobs=862 nmethods=468 adapters=301
 compilation: enabled
              stopped_count=0, restarted_count=0
 full_count=0

Compilation events (20 events):
Event: 0.446 Thread 0x000001f6a3d50600 nmethod 458 0x000001f692bf9510 code [0x000001f692bf9760, 0x000001f692bfa240]
Event: 0.449 Thread 0x000001f6a3d50600  460       1       java.net.URI::getScheme (5 bytes)
Event: 0.450 Thread 0x000001f6a3d50600 nmethod 460 0x000001f69a653a90 code [0x000001f69a653c20, 0x000001f69a653ce8]
Event: 0.452 Thread 0x000001f6a3d35d80 nmethod 454 0x000001f69a653d90 code [0x000001f69a653f60, 0x000001f69a654528]
Event: 0.453 Thread 0x000001f6a3d35d80  459       4       java.io.WinNTFileSystem::isSlash (18 bytes)
Event: 0.454 Thread 0x000001f6a3d35d80 nmethod 459 0x000001f69a654810 code [0x000001f69a6549a0, 0x000001f69a654a40]
Event: 0.455 Thread 0x000001f6a3d50600  461       3       java.net.URI$Parser::checkChars (44 bytes)
Event: 0.456 Thread 0x000001f6a3d50600 nmethod 461 0x000001f692bfa810 code [0x000001f692bfaa40, 0x000001f692bfb020]
Event: 0.458 Thread 0x000001f6a3d50600  462   !   3       java.lang.invoke.MemberName$Factory::resolve (159 bytes)
Event: 0.458 Thread 0x000001f6a3d35d80  464       4       java.lang.String::checkIndex (10 bytes)
Event: 0.459 Thread 0x000001f6a3d50600 nmethod 462 0x000001f692bfb310 code [0x000001f692bfb540, 0x000001f692bfbbd0]
Event: 0.459 Thread 0x000001f6a3d50600  465       3       java.util.regex.Pattern::has (15 bytes)
Event: 0.459 Thread 0x000001f6a3d35d80 nmethod 464 0x000001f69a654f90 code [0x000001f69a655120, 0x000001f69a6551c8]
Event: 0.460 Thread 0x000001f6a3d50600 nmethod 465 0x000001f692bfbe90 code [0x000001f692bfc020, 0x000001f692bfc188]
Event: 0.463 Thread 0x000001f6a3d50600  466       3       java.io.WinNTFileSystem::isLetter (30 bytes)
Event: 0.463 Thread 0x000001f6a3d50600 nmethod 466 0x000001f692bfc210 code [0x000001f692bfc3c0, 0x000001f692bfc5c8]
Event: 0.466 Thread 0x000001f6a3d50600  467       1       java.security.ProtectionDomain::getCodeSource (5 bytes)
Event: 0.466 Thread 0x000001f6a3d50600 nmethod 467 0x000001f69a655290 code [0x000001f69a655420, 0x000001f69a6554e8]
Event: 0.469 Thread 0x000001f6a3d50600  468       3       sun.net.util.IPAddressUtil::earlyURLParsing (12 bytes)
Event: 0.469 Thread 0x000001f6a3d50600 nmethod 468 0x000001f692bfc690 code [0x000001f692bfc820, 0x000001f692bfc930]

GC Heap History (0 events):
No events

Dll operation events (9 events):
Event: 0.014 Loaded shared library c:\Program Files\Eclipse Adoptium\jdk-21.0.3.9-hotspot\bin\java.dll
Event: 0.117 Loaded shared library c:\Program Files\Eclipse Adoptium\jdk-21.0.3.9-hotspot\bin\jsvml.dll
Event: 0.211 Loaded shared library c:\Program Files\Eclipse Adoptium\jdk-21.0.3.9-hotspot\bin\zip.dll
Event: 0.220 Loaded shared library C:\Program Files\Eclipse Adoptium\jdk-21.0.3.9-hotspot\bin\instrument.dll
Event: 0.226 Loaded shared library C:\Program Files\Eclipse Adoptium\jdk-21.0.3.9-hotspot\bin\net.dll
Event: 0.229 Loaded shared library C:\Program Files\Eclipse Adoptium\jdk-21.0.3.9-hotspot\bin\nio.dll
Event: 0.233 Loaded shared library C:\Program Files\Eclipse Adoptium\jdk-21.0.3.9-hotspot\bin\zip.dll
Event: 0.254 Loaded shared library C:\Program Files\Eclipse Adoptium\jdk-21.0.3.9-hotspot\bin\jimage.dll
Event: 0.385 Loaded shared library c:\Program Files\Eclipse Adoptium\jdk-21.0.3.9-hotspot\bin\verify.dll

Deoptimization events (10 events):
Event: 0.261 Thread 0x000001f68a4923b0 DEOPT PACKING pc=0x000001f692b959d5 sp=0x0000003928ffe220
Event: 0.261 Thread 0x000001f68a4923b0 DEOPT UNPACKING pc=0x000001f69a0e4242 sp=0x0000003928ffd6a8 mode 0
Event: 0.262 Thread 0x000001f68a4923b0 DEOPT PACKING pc=0x000001f692b959d5 sp=0x0000003928ffe220
Event: 0.262 Thread 0x000001f68a4923b0 DEOPT UNPACKING pc=0x000001f69a0e4242 sp=0x0000003928ffd6a8 mode 0
Event: 0.262 Thread 0x000001f68a4923b0 DEOPT PACKING pc=0x000001f692b959d5 sp=0x0000003928ffe220
Event: 0.262 Thread 0x000001f68a4923b0 DEOPT UNPACKING pc=0x000001f69a0e4242 sp=0x0000003928ffd6a8 mode 0
Event: 0.263 Thread 0x000001f68a4923b0 DEOPT PACKING pc=0x000001f692b959d5 sp=0x0000003928ffe220
Event: 0.263 Thread 0x000001f68a4923b0 DEOPT UNPACKING pc=0x000001f69a0e4242 sp=0x0000003928ffd6a8 mode 0
Event: 0.263 Thread 0x000001f68a4923b0 DEOPT PACKING pc=0x000001f692b959d5 sp=0x0000003928ffe220
Event: 0.263 Thread 0x000001f68a4923b0 DEOPT UNPACKING pc=0x000001f69a0e4242 sp=0x0000003928ffd6a8 mode 0

Classes loaded (20 events):
Event: 0.297 Loading class java/lang/invoke/BoundMethodHandle$Species_LI
Event: 0.297 Loading class java/lang/invoke/BoundMethodHandle$Species_LI done
Event: 0.393 Loading class java/lang/IllegalAccessException
Event: 0.393 Loading class java/lang/IllegalAccessException done
Event: 0.401 Loading class java/lang/IllegalStateException
Event: 0.401 Loading class java/lang/IllegalStateException done
Event: 0.409 Loading class java/lang/instrument/ClassFileTransformer
Event: 0.409 Loading class java/lang/instrument/ClassFileTransformer done
Event: 0.412 Loading class java/lang/UnsupportedOperationException
Event: 0.412 Loading class java/lang/UnsupportedOperationException done
Event: 0.427 Loading class java/lang/instrument/UnmodifiableClassException
Event: 0.427 Loading class java/lang/instrument/UnmodifiableClassException done
Event: 0.428 Loading class java/lang/instrument/ClassDefinition
Event: 0.428 Loading class java/lang/instrument/ClassDefinition done
Event: 0.433 Loading class java/lang/invoke/WrongMethodTypeException
Event: 0.434 Loading class java/lang/invoke/WrongMethodTypeException done
Event: 0.459 Loading class java/util/regex/Pattern$Loop
Event: 0.459 Loading class java/util/regex/Pattern$Loop done
Event: 0.459 Loading class java/util/regex/Pattern$Prolog
Event: 0.459 Loading class java/util/regex/Pattern$Prolog done

Classes unloaded (0 events):
No events

Classes redefined (0 events):
No events

Internal exceptions (11 events):
Event: 0.170 Thread 0x000001f68a4923b0 Exception <a 'java/lang/NoSuchMethodError'{0x00000000ead27540}: 'void java.lang.invoke.DirectMethodHandle$Holder.invokeStatic(java.lang.Object, java.lang.Object, java.lang.Object)'> (0x00000000ead27540) 
thrown [s\src\hotspot\share\interpreter\linkResolver.cpp, line 773]
Event: 0.246 Thread 0x000001f68a4923b0 Exception <a 'java/lang/NoSuchMethodError'{0x00000000eae957f0}: 'java.lang.Object java.lang.invoke.Invokers$Holder.invokeExact_MT(java.lang.Object, java.lang.Object, java.lang.Object, java.lang.Object, java.lang.Object)'> (0x00000000eae957f0) 
thrown [s\src\hotspot\share\interpreter\linkResolver.cpp, line 773]
Event: 0.296 Thread 0x000001f68a4923b0 Exception <a 'java/lang/NoSuchMethodError'{0x00000000eaf4d0a0}: 'int java.lang.invoke.DirectMethodHandle$Holder.invokeSpecial(java.lang.Object, java.lang.Object, java.lang.Object, int)'> (0x00000000eaf4d0a0) 
thrown [s\src\hotspot\share\interpreter\linkResolver.cpp, line 773]
Event: 0.299 Thread 0x000001f68a4923b0 Exception <a 'java/lang/NoSuchMethodError'{0x00000000eaf5f6c8}: 'java.lang.Object java.lang.invoke.DirectMethodHandle$Holder.invokeStatic(java.lang.Object, java.lang.Object, java.lang.Object, java.lang.Object, int)'> (0x00000000eaf5f6c8) 
thrown [s\src\hotspot\share\interpreter\linkResolver.cpp, line 773]
Event: 0.301 Thread 0x000001f68a4923b0 Exception <a 'java/lang/NoSuchMethodError'{0x00000000eaf6a8c0}: 'void java.lang.invoke.DelegatingMethodHandle$Holder.reinvoke_L(java.lang.Object, java.lang.Object, java.lang.Object, int, java.lang.Object)'> (0x00000000eaf6a8c0) 
thrown [s\src\hotspot\share\interpreter\linkResolver.cpp, line 773]
Event: 0.303 Thread 0x000001f68a4923b0 Exception <a 'java/lang/NoSuchMethodError'{0x00000000eaf75d80}: 'int java.lang.invoke.DirectMethodHandle$Holder.invokeSpecial(java.lang.Object, java.lang.Object, java.lang.Object)'> (0x00000000eaf75d80) 
thrown [s\src\hotspot\share\interpreter\linkResolver.cpp, line 773]
Event: 0.306 Thread 0x000001f68a4923b0 Exception <a 'java/lang/NoSuchMethodError'{0x00000000eaf869c8}: 'java.lang.Object java.lang.invoke.DirectMethodHandle$Holder.invokeStatic(java.lang.Object, java.lang.Object, int)'> (0x00000000eaf869c8) 
thrown [s\src\hotspot\share\interpreter\linkResolver.cpp, line 773]
Event: 0.308 Thread 0x000001f68a4923b0 Exception <a 'java/lang/NoSuchMethodError'{0x00000000eaf8b0f8}: 'void java.lang.invoke.DirectMethodHandle$Holder.invokeStatic(java.lang.Object, java.lang.Object, int, java.lang.Object)'> (0x00000000eaf8b0f8) 
thrown [s\src\hotspot\share\interpreter\linkResolver.cpp, line 773]
Event: 0.309 Thread 0x000001f68a4923b0 Exception <a 'java/lang/NoSuchMethodError'{0x00000000eaf8ec18}: 'void java.lang.invoke.DirectMethodHandle$Holder.invokeSpecial(java.lang.Object, java.lang.Object, java.lang.Object, int, java.lang.Object)'> (0x00000000eaf8ec18) 
thrown [s\src\hotspot\share\interpreter\linkResolver.cpp, line 773]
Event: 0.310 Thread 0x000001f68a4923b0 Exception <a 'java/lang/NoSuchMethodError'{0x00000000eaf922c0}: 'void java.lang.invoke.DelegatingMethodHandle$Holder.delegate(java.lang.Object, java.lang.Object, int, java.lang.Object)'> (0x00000000eaf922c0) 
thrown [s\src\hotspot\share\interpreter\linkResolver.cpp, line 773]
Event: 0.431 Thread 0x000001f68a4923b0 Exception <a 'java/lang/NoSuchMethodError'{0x00000000eb14ebb8}: 'void java.lang.invoke.DelegatingMethodHandle$Holder.reinvoke_L(java.lang.Object, java.lang.Object, java.lang.Object, int)'> (0x00000000eb14ebb8) 
thrown [s\src\hotspot\share\interpreter\linkResolver.cpp, line 773]

ZGC Phase Switch (0 events):
No events

VM Operations (4 events):
Event: 0.177 Executing VM operation: HandshakeAllThreads (Deoptimize)
Event: 0.177 Executing VM operation: HandshakeAllThreads (Deoptimize) done
Event: 0.269 Executing VM operation: HandshakeAllThreads (Deoptimize)
Event: 0.269 Executing VM operation: HandshakeAllThreads (Deoptimize) done

Events (10 events):
Event: 0.038 Thread 0x000001f68a4923b0 Thread added: 0x000001f68a4923b0
Event: 0.111 Thread 0x000001f6a3d28400 Thread added: 0x000001f6a3d28400
Event: 0.112 Thread 0x000001f68a54e820 Thread added: 0x000001f68a54e820
Event: 0.113 Thread 0x000001f6a3d2a670 Thread added: 0x000001f6a3d2a670
Event: 0.114 Thread 0x000001f6a3d2b590 Thread added: 0x000001f6a3d2b590
Event: 0.114 Thread 0x000001f6a3d2d360 Thread added: 0x000001f6a3d2d360
Event: 0.115 Thread 0x000001f6a3d30720 Thread added: 0x000001f6a3d30720
Event: 0.115 Thread 0x000001f6a3d35d80 Thread added: 0x000001f6a3d35d80
Event: 0.115 Thread 0x000001f6a3d50600 Thread added: 0x000001f6a3d50600
Event: 0.158 Thread 0x000001f68a4fecf0 Thread added: 0x000001f68a4fecf0


Dynamic libraries:
0x00007ff60bdb0000 - 0x00007ff60bdbe000 	c:\Program Files\Eclipse Adoptium\jdk-21.0.3.9-hotspot\bin\java.exe
0x00007ffb16dd0000 - 0x00007ffb16fe6000 	C:\WINDOWS\SYSTEM32\ntdll.dll
0x00007ffb15d40000 - 0x00007ffb15e04000 	C:\WINDOWS\System32\KERNEL32.DLL
0x00007ffb14460000 - 0x00007ffb14807000 	C:\WINDOWS\System32\KERNELBASE.dll
0x00007ffb142c0000 - 0x00007ffb143d1000 	C:\WINDOWS\System32\ucrtbase.dll
0x00007ffaf3200000 - 0x00007ffaf3218000 	c:\Program Files\Eclipse Adoptium\jdk-21.0.3.9-hotspot\bin\jli.dll
0x00007ffaf2be0000 - 0x00007ffaf2bfb000 	c:\Program Files\Eclipse Adoptium\jdk-21.0.3.9-hotspot\bin\VCRUNTIME140.dll
0x00007ffb16bc0000 - 0x00007ffb16d6e000 	C:\WINDOWS\System32\USER32.dll
0x00007ffb14260000 - 0x00007ffb14286000 	C:\WINDOWS\System32\win32u.dll
0x00007ffaf44f0000 - 0x00007ffaf4783000 	C:\WINDOWS\WinSxS\amd64_microsoft.windows.common-controls_6595b64144ccf1df_6.0.22621.3235_none_270f74e173860f98\COMCTL32.dll
0x00007ffb15f10000 - 0x00007ffb15f39000 	C:\WINDOWS\System32\GDI32.dll
0x00007ffb15190000 - 0x00007ffb15237000 	C:\WINDOWS\System32\msvcrt.dll
0x00007ffb148b0000 - 0x00007ffb149c9000 	C:\WINDOWS\System32\gdi32full.dll
0x00007ffb14810000 - 0x00007ffb148aa000 	C:\WINDOWS\System32\msvcp_win.dll
0x00007ffb15790000 - 0x00007ffb157c1000 	C:\WINDOWS\System32\IMM32.DLL
0x00007ffb0cc40000 - 0x00007ffb0cc4c000 	c:\Program Files\Eclipse Adoptium\jdk-21.0.3.9-hotspot\bin\vcruntime140_1.dll
0x00007ffad6950000 - 0x00007ffad69de000 	c:\Program Files\Eclipse Adoptium\jdk-21.0.3.9-hotspot\bin\msvcp140.dll
0x00007ffab2780000 - 0x00007ffab3502000 	c:\Program Files\Eclipse Adoptium\jdk-21.0.3.9-hotspot\bin\server\jvm.dll
0x00007ffb162a0000 - 0x00007ffb16352000 	C:\WINDOWS\System32\ADVAPI32.dll
0x00007ffb15ad0000 - 0x00007ffb15b78000 	C:\WINDOWS\System32\sechost.dll
0x00007ffb14290000 - 0x00007ffb142b8000 	C:\WINDOWS\System32\bcrypt.dll
0x00007ffb159b0000 - 0x00007ffb15ac5000 	C:\WINDOWS\System32\RPCRT4.dll
0x00007ffb16170000 - 0x00007ffb161e1000 	C:\WINDOWS\System32\WS2_32.dll
0x00007ffb12f50000 - 0x00007ffb12f9d000 	C:\WINDOWS\SYSTEM32\POWRPROF.dll
0x00007ffb0aeb0000 - 0x00007ffb0aeba000 	C:\WINDOWS\SYSTEM32\VERSION.dll
0x00007ffb0df60000 - 0x00007ffb0df94000 	C:\WINDOWS\SYSTEM32\WINMM.dll
0x00007ffb12f30000 - 0x00007ffb12f43000 	C:\WINDOWS\SYSTEM32\UMPDC.dll
0x00007ffb13140000 - 0x00007ffb13158000 	C:\WINDOWS\SYSTEM32\kernel.appcore.dll
0x00007ffaf7e50000 - 0x00007ffaf7e5a000 	c:\Program Files\Eclipse Adoptium\jdk-21.0.3.9-hotspot\bin\jimage.dll
0x00007ffb0f590000 - 0x00007ffb0f7c3000 	C:\WINDOWS\SYSTEM32\DBGHELP.DLL
0x00007ffb14b70000 - 0x00007ffb14ef8000 	C:\WINDOWS\System32\combase.dll
0x00007ffb14f20000 - 0x00007ffb14ff7000 	C:\WINDOWS\System32\OLEAUT32.dll
0x00007ffb0df20000 - 0x00007ffb0df52000 	C:\WINDOWS\SYSTEM32\dbgcore.DLL
0x00007ffb143e0000 - 0x00007ffb14459000 	C:\WINDOWS\System32\bcryptPrimitives.dll
0x00007ffaf7310000 - 0x00007ffaf731f000 	c:\Program Files\Eclipse Adoptium\jdk-21.0.3.9-hotspot\bin\instrument.dll
0x00007ffaf2a70000 - 0x00007ffaf2a8f000 	c:\Program Files\Eclipse Adoptium\jdk-21.0.3.9-hotspot\bin\java.dll
0x00007ffb16360000 - 0x00007ffb16bbc000 	C:\WINDOWS\System32\SHELL32.dll
0x00007ffb0ea60000 - 0x00007ffb0f359000 	C:\WINDOWS\SYSTEM32\windows.storage.dll
0x00007ffb0e8c0000 - 0x00007ffb0e9fe000 	C:\WINDOWS\SYSTEM32\wintypes.dll
0x00007ffb15e10000 - 0x00007ffb15f03000 	C:\WINDOWS\System32\SHCORE.dll
0x00007ffb14b00000 - 0x00007ffb14b5e000 	C:\WINDOWS\System32\shlwapi.dll
0x00007ffb14020000 - 0x00007ffb14041000 	C:\WINDOWS\SYSTEM32\profapi.dll
0x00007ffacf520000 - 0x00007ffacf5f7000 	c:\Program Files\Eclipse Adoptium\jdk-21.0.3.9-hotspot\bin\jsvml.dll
0x00007ffaf1e30000 - 0x00007ffaf1e48000 	c:\Program Files\Eclipse Adoptium\jdk-21.0.3.9-hotspot\bin\zip.dll
0x00007ffaf4970000 - 0x00007ffaf4980000 	C:\Program Files\Eclipse Adoptium\jdk-21.0.3.9-hotspot\bin\net.dll
0x00007ffb0b9f0000 - 0x00007ffb0bb26000 	C:\WINDOWS\SYSTEM32\WINHTTP.dll
0x00007ffb13640000 - 0x00007ffb136a9000 	C:\WINDOWS\system32\mswsock.dll
0x00007ffaf2810000 - 0x00007ffaf2826000 	C:\Program Files\Eclipse Adoptium\jdk-21.0.3.9-hotspot\bin\nio.dll
0x00007ffaf32b0000 - 0x00007ffaf32c0000 	c:\Program Files\Eclipse Adoptium\jdk-21.0.3.9-hotspot\bin\verify.dll

dbghelp: loaded successfully - version: 4.0.5 - missing functions: none
symbol engine: initialized successfully - sym options: 0x614 - pdb path: .;c:\Program Files\Eclipse Adoptium\jdk-21.0.3.9-hotspot\bin;C:\WINDOWS\SYSTEM32;C:\WINDOWS\WinSxS\amd64_microsoft.windows.common-controls_6595b64144ccf1df_6.0.22621.3235_none_270f74e173860f98;c:\Program Files\Eclipse Adoptium\jdk-21.0.3.9-hotspot\bin\server

VM Arguments:
jvm_args: --add-modules=ALL-SYSTEM --add-opens=java.base/java.util=ALL-UNNAMED --add-opens=java.base/java.lang=ALL-UNNAMED --add-opens=java.base/sun.nio.fs=ALL-UNNAMED -Declipse.application=org.eclipse.jdt.ls.core.id1 -Dosgi.bundles.defaultStartLevel=4 -Declipse.product=org.eclipse.jdt.ls.core.product -Djava.import.generatesMetadataFilesAtProjectRoot=false -DDetectVMInstallationsJob.disabled=true -Dfile.encoding=utf8 -XX:+UseParallelGC -XX:GCTimeRatio=4 -XX:AdaptiveSizePolicyWeight=90 -Dsun.zip.disableMemoryMapping=true -Xmx1G -Xms100m -Xlog:disable -javaagent:c:\Users\laura\.vscode\extensions\redhat.java-1.30.0-win32-x64\lombok\lombok-1.18.32.jar 
java_command: c:\Users\laura\.vscode\extensions\redhat.java-1.30.0-win32-x64\server\plugins\org.eclipse.equinox.launcher_1.6.800.v20240330-1250.jar -configuration c:\Users\laura\AppData\Roaming\Code\User\globalStorage\redhat.java\1.30.0\config_ss_win -data c:\Users\laura\AppData\Roaming\Code\User\workspaceStorage\9bcddfa4390842ee8a615019ffbbb697\redhat.java\ss_ws --pipe=\\.\pipe\lsp-bc402e1761455617785512d71b8f1043-sock
java_class_path (initial): c:\Users\laura\.vscode\extensions\redhat.java-1.30.0-win32-x64\server\plugins\org.eclipse.equinox.launcher_1.6.800.v20240330-1250.jar
Launcher Type: SUN_STANDARD

[Global flags]
    uintx AdaptiveSizePolicyWeight                 = 90                                        {product} {command line}
     intx CICompilerCount                          = 4                                         {product} {ergonomic}
    uintx GCTimeRatio                              = 4                                         {product} {command line}
   size_t InitialHeapSize                          = 104857600                                 {product} {command line}
   size_t MaxHeapSize                              = 1073741824                                {product} {command line}
   size_t MaxNewSize                               = 357564416                                 {product} {ergonomic}
   size_t MinHeapDeltaBytes                        = 524288                                    {product} {ergonomic}
   size_t MinHeapSize                              = 104857600                                 {product} {command line}
   size_t NewSize                                  = 34603008                                  {product} {ergonomic}
    uintx NonNMethodCodeHeapSize                   = 5839372                                {pd product} {ergonomic}
    uintx NonProfiledCodeHeapSize                  = 122909434                              {pd product} {ergonomic}
   size_t OldSize                                  = 70254592                                  {product} {ergonomic}
    uintx ProfiledCodeHeapSize                     = 122909434                              {pd product} {ergonomic}
    uintx ReservedCodeCacheSize                    = 251658240                              {pd product} {ergonomic}
     bool SegmentedCodeCache                       = true                                      {product} {ergonomic}
   size_t SoftMaxHeapSize                          = 1073741824                             {manageable} {ergonomic}
     bool UseCompressedOops                        = true                           {product lp64_product} {ergonomic}
     bool UseLargePagesIndividualAllocation        = false                                  {pd product} {ergonomic}
     bool UseParallelGC                            = true                                      {product} {command line}

Logging:
Log output configuration:
 #0: stdout all=off uptime,level,tags foldmultilines=false
 #1: stderr all=off uptime,level,tags foldmultilines=false

Environment Variables:
JAVA_HOME=C:\Program Files (x86)\Java\jre1.8.0_301
PATH=C:\Program Files\Eclipse Adoptium\jdk-21.0.3.9-hotspot\bin;C:\Program Files\Common Files\Oracle\Java\javapath;C:\Users\laura\AppData\Local\Programs\Python\Python310\Scripts\;C:\Users\laura\AppData\Local\Programs\Python\Python310\;C:\Users\laura\Scripts\;C:\Users\laura\;C:\Python310\Scripts\;C:\Python310\;C:\SAP\ASE-16_0\jobscheduler\bin;C:\SAP\ASE-16_0\dll;C:\SAP\WLA\bin;C:\SAP\ASE-16_0\bin;C:\SAP\COCKPIT-4\bin;C:\SAP\DataAccess64\ADONET\dll;C:\SAP\DataAccess\ADONET\dll;C:\SAP\DataAccess64\ODBC\dll;C:\SAP\DataAccess\ODBC\dll;C:\SAP\OCS-16_0\lib3p64;C:\SAP\OCS-16_0\lib3p;C:\SAP\OCS-16_0\dll;C:\SAP\OCS-16_0\bin;C:\Program Files (x86)\Common Files\Oracle\Java\javapath;C:\Windows\system32;C:\Windows;C:\Windows\System32\Wbem;C:\Windows\System32\WindowsPowerShell\v1.0\;C:\Windows\System32\OpenSSH\;C:\Program Files (x86)\NVIDIA Corporation\PhysX\Common;C:\Program Files\NVIDIA Corporation\NVIDIA NvDLISR;C:\WINDOWS\system32;C:\WINDOWS;C:\WINDOWS\System32\Wbem;C:\WINDOWS\System32\WindowsPowerShell\v1.0\;C:\WINDOWS\System32\OpenSSH\;C:\Program Files\Microsoft SQL Server\Client SDK\ODBC\170\Tools\Binn\;C:\Program Files (x86)\Microsoft SQL Server\150\Tools\Binn\;C:\Program Files\Microsoft SQL Server\150\Tools\Binn\;C:\Program Files\Microsoft SQL Server\150\DTS\Binn\;C:\Program Files\dotnet\;C:\Program Files\Microsoft VS Code\bin;C:\Program Files (x86)\Java\jre1.8.0_301\bin;C:\ProgramData\chocolatey\bin;C:\site;C:\Program Files\nodejs\;C:\Program Files\Git\cmd;C:\WINDOWS\system32;C:\WINDOWS;C:\WINDOWS\System32\Wbem;C:\WINDOWS\System32\WindowsPowerShell\v1.0\;C:\WINDOWS\System32\OpenSSH\;C:\Program Files\MySQL\MySQL Shell 8.0\bin\;C:\Users\laura\AppData\Local\Microsoft\WindowsApps;C:\Users\laura\.dotnet\tools;C:\Program Files\JetBrains\PyCharm 2021.3.2\bin;;c:\site;C:\Users\laura\AppData\Roaming\npm;C:\Users\laura\Downloads\mongosh-1.10.6-win32-x64\mongosh-1.10.6-win32-x64\bin;
USERNAME=laura
OS=Windows_NT
PROCESSOR_IDENTIFIER=Intel64 Family 6 Model 142 Stepping 12, GenuineIntel
TMP=C:\Users\laura\AppData\Local\Temp
TEMP=C:\Users\laura\AppData\Local\Temp




Periodic native trim disabled

---------------  S Y S T E M  ---------------

OS:
 Windows 11 , 64 bit Build 22621 (10.0.22621.3374)
OS uptime: 0 days 7:50 hours
Hyper-V role detected

CPU: total 8 (initial active 8) (4 cores per cpu, 2 threads per core) family 6 model 142 stepping 12 microcode 0xf0, cx8, cmov, fxsr, ht, mmx, 3dnowpref, sse, sse2, sse3, ssse3, sse4.1, sse4.2, popcnt, lzcnt, tsc, tscinvbit, avx, avx2, aes, erms, clmul, bmi1, bmi2, adx, fma, vzeroupper, clflush, clflushopt, hv, rdtscp, f16c
Processor Information for all 8 processors :
  Max Mhz: 2304, Current Mhz: 1803, Mhz Limit: 1797

Memory: 4k page, system-wide physical 16168M (919M free)
TotalPageFile size 44503M (AvailPageFile size 172M)
current process WorkingSet (physical memory assigned to process): 43M, peak: 43M
current process commit charge ("private bytes"): 190M, peak: 190M

vm_info: OpenJDK 64-Bit Server VM (21.0.3+9-LTS) for windows-amd64 JRE (21.0.3+9-LTS), built on 2024-04-16T00:00:00Z by "admin" with MS VC++ 17.7 (VS2022)

END.
